{"/Users/waynedouglas/Source/repos/json-api-query/src/index.ts":{"path":"/Users/waynedouglas/Source/repos/json-api-query/src/index.ts","statementMap":{"0":{"start":{"line":2,"column":22},"end":{"line":12,"column":3}},"1":{"start":{"line":3,"column":4},"end":{"line":3,"column":33}},"2":{"start":{"line":3,"column":26},"end":{"line":3,"column":33}},"3":{"start":{"line":4,"column":15},"end":{"line":4,"column":52}},"4":{"start":{"line":5,"column":4},"end":{"line":7,"column":5}},"5":{"start":{"line":6,"column":6},"end":{"line":6,"column":68}},"6":{"start":{"line":6,"column":51},"end":{"line":6,"column":63}},"7":{"start":{"line":8,"column":4},"end":{"line":8,"column":39}},"8":{"start":{"line":10,"column":4},"end":{"line":10,"column":33}},"9":{"start":{"line":10,"column":26},"end":{"line":10,"column":33}},"10":{"start":{"line":11,"column":4},"end":{"line":11,"column":17}},"11":{"start":{"line":13,"column":19},"end":{"line":15,"column":1}},"12":{"start":{"line":14,"column":4},"end":{"line":14,"column":126}},"13":{"start":{"line":14,"column":21},"end":{"line":14,"column":126}},"14":{"start":{"line":14,"column":95},"end":{"line":14,"column":126}},"15":{"start":{"line":16,"column":0},"end":{"line":16,"column":62}},"16":{"start":{"line":17,"column":0},"end":{"line":17,"column":414}},"17":{"start":{"line":18,"column":0},"end":{"line":18,"column":53}},"18":{"start":{"line":19,"column":0},"end":{"line":19,"column":56}},"19":{"start":{"line":20,"column":0},"end":{"line":20,"column":46}},"20":{"start":{"line":21,"column":0},"end":{"line":21,"column":46}},"21":{"start":{"line":22,"column":0},"end":{"line":22,"column":66}},"22":{"start":{"line":23,"column":0},"end":{"line":23,"column":66}},"23":{"start":{"line":24,"column":0},"end":{"line":24,"column":71}},"24":{"start":{"line":25,"column":0},"end":{"line":25,"column":71}},"25":{"start":{"line":26,"column":0},"end":{"line":26,"column":69}},"26":{"start":{"line":27,"column":0},"end":{"line":27,"column":74}},"27":{"start":{"line":28,"column":0},"end":{"line":28,"column":81}},"28":{"start":{"line":29,"column":0},"end":{"line":29,"column":66}},"29":{"start":{"line":30,"column":0},"end":{"line":30,"column":71}},"30":{"start":{"line":31,"column":0},"end":{"line":31,"column":78}},"31":{"start":{"line":32,"column":0},"end":{"line":32,"column":66}},"32":{"start":{"line":33,"column":0},"end":{"line":33,"column":65}},"33":{"start":{"line":34,"column":0},"end":{"line":34,"column":73}},"34":{"start":{"line":35,"column":0},"end":{"line":35,"column":49}},"35":{"start":{"line":36,"column":0},"end":{"line":36,"column":48}},"36":{"start":{"line":37,"column":0},"end":{"line":37,"column":51}},"37":{"start":{"line":38,"column":0},"end":{"line":38,"column":53}},"38":{"start":{"line":39,"column":0},"end":{"line":39,"column":57}},"39":{"start":{"line":40,"column":33},"end":{"line":40,"column":70}},"40":{"start":{"line":41,"column":0},"end":{"line":41,"column":163}},"41":{"start":{"line":41,"column":98},"end":{"line":41,"column":157}},"42":{"start":{"line":42,"column":21},"end":{"line":42,"column":46}},"43":{"start":{"line":43,"column":0},"end":{"line":43,"column":127}},"44":{"start":{"line":43,"column":86},"end":{"line":43,"column":121}},"45":{"start":{"line":44,"column":22},"end":{"line":44,"column":48}},"46":{"start":{"line":45,"column":0},"end":{"line":45,"column":130}},"47":{"start":{"line":45,"column":87},"end":{"line":45,"column":124}},"48":{"start":{"line":46,"column":25},"end":{"line":46,"column":54}},"49":{"start":{"line":47,"column":0},"end":{"line":47,"column":139}},"50":{"start":{"line":47,"column":90},"end":{"line":47,"column":133}},"51":{"start":{"line":48,"column":24},"end":{"line":48,"column":52}},"52":{"start":{"line":49,"column":0},"end":{"line":49,"column":136}},"53":{"start":{"line":49,"column":89},"end":{"line":49,"column":130}},"54":{"start":{"line":50,"column":25},"end":{"line":50,"column":54}},"55":{"start":{"line":51,"column":0},"end":{"line":51,"column":139}},"56":{"start":{"line":51,"column":90},"end":{"line":51,"column":133}},"57":{"start":{"line":52,"column":22},"end":{"line":52,"column":48}},"58":{"start":{"line":53,"column":0},"end":{"line":53,"column":130}},"59":{"start":{"line":53,"column":87},"end":{"line":53,"column":124}},"60":{"start":{"line":54,"column":37},"end":{"line":54,"column":78}},"61":{"start":{"line":55,"column":0},"end":{"line":55,"column":175}},"62":{"start":{"line":55,"column":102},"end":{"line":55,"column":169}},"63":{"start":{"line":56,"column":29},"end":{"line":56,"column":62}},"64":{"start":{"line":57,"column":0},"end":{"line":57,"column":151}},"65":{"start":{"line":57,"column":94},"end":{"line":57,"column":145}},"66":{"start":{"line":58,"column":34},"end":{"line":58,"column":72}},"67":{"start":{"line":59,"column":0},"end":{"line":59,"column":166}},"68":{"start":{"line":59,"column":99},"end":{"line":59,"column":160}},"69":{"start":{"line":60,"column":26},"end":{"line":60,"column":56}},"70":{"start":{"line":61,"column":0},"end":{"line":61,"column":142}},"71":{"start":{"line":61,"column":91},"end":{"line":61,"column":136}},"72":{"start":{"line":62,"column":23},"end":{"line":62,"column":50}},"73":{"start":{"line":63,"column":0},"end":{"line":63,"column":133}},"74":{"start":{"line":63,"column":88},"end":{"line":63,"column":127}},"75":{"start":{"line":64,"column":24},"end":{"line":64,"column":52}},"76":{"start":{"line":65,"column":0},"end":{"line":65,"column":136}},"77":{"start":{"line":65,"column":89},"end":{"line":65,"column":130}},"78":{"start":{"line":66,"column":14},"end":{"line":66,"column":32}},"79":{"start":{"line":67,"column":0},"end":{"line":67,"column":106}},"80":{"start":{"line":67,"column":79},"end":{"line":67,"column":100}},"81":{"start":{"line":68,"column":18},"end":{"line":68,"column":40}},"82":{"start":{"line":69,"column":0},"end":{"line":69,"column":118}},"83":{"start":{"line":69,"column":83},"end":{"line":69,"column":112}}},"fnMap":{"0":{"name":"(anonymous_0)","decl":{"start":{"line":2,"column":74},"end":{"line":2,"column":75}},"loc":{"start":{"line":2,"column":96},"end":{"line":9,"column":1}},"line":2},"1":{"name":"(anonymous_1)","decl":{"start":{"line":6,"column":38},"end":{"line":6,"column":39}},"loc":{"start":{"line":6,"column":49},"end":{"line":6,"column":65}},"line":6},"2":{"name":"(anonymous_2)","decl":{"start":{"line":9,"column":6},"end":{"line":9,"column":7}},"loc":{"start":{"line":9,"column":28},"end":{"line":12,"column":1}},"line":9},"3":{"name":"(anonymous_3)","decl":{"start":{"line":13,"column":50},"end":{"line":13,"column":51}},"loc":{"start":{"line":13,"column":71},"end":{"line":15,"column":1}},"line":13},"4":{"name":"(anonymous_4)","decl":{"start":{"line":41,"column":84},"end":{"line":41,"column":85}},"loc":{"start":{"line":41,"column":96},"end":{"line":41,"column":159}},"line":41},"5":{"name":"(anonymous_5)","decl":{"start":{"line":43,"column":72},"end":{"line":43,"column":73}},"loc":{"start":{"line":43,"column":84},"end":{"line":43,"column":123}},"line":43},"6":{"name":"(anonymous_6)","decl":{"start":{"line":45,"column":73},"end":{"line":45,"column":74}},"loc":{"start":{"line":45,"column":85},"end":{"line":45,"column":126}},"line":45},"7":{"name":"(anonymous_7)","decl":{"start":{"line":47,"column":76},"end":{"line":47,"column":77}},"loc":{"start":{"line":47,"column":88},"end":{"line":47,"column":135}},"line":47},"8":{"name":"(anonymous_8)","decl":{"start":{"line":49,"column":75},"end":{"line":49,"column":76}},"loc":{"start":{"line":49,"column":87},"end":{"line":49,"column":132}},"line":49},"9":{"name":"(anonymous_9)","decl":{"start":{"line":51,"column":76},"end":{"line":51,"column":77}},"loc":{"start":{"line":51,"column":88},"end":{"line":51,"column":135}},"line":51},"10":{"name":"(anonymous_10)","decl":{"start":{"line":53,"column":73},"end":{"line":53,"column":74}},"loc":{"start":{"line":53,"column":85},"end":{"line":53,"column":126}},"line":53},"11":{"name":"(anonymous_11)","decl":{"start":{"line":55,"column":88},"end":{"line":55,"column":89}},"loc":{"start":{"line":55,"column":100},"end":{"line":55,"column":171}},"line":55},"12":{"name":"(anonymous_12)","decl":{"start":{"line":57,"column":80},"end":{"line":57,"column":81}},"loc":{"start":{"line":57,"column":92},"end":{"line":57,"column":147}},"line":57},"13":{"name":"(anonymous_13)","decl":{"start":{"line":59,"column":85},"end":{"line":59,"column":86}},"loc":{"start":{"line":59,"column":97},"end":{"line":59,"column":162}},"line":59},"14":{"name":"(anonymous_14)","decl":{"start":{"line":61,"column":77},"end":{"line":61,"column":78}},"loc":{"start":{"line":61,"column":89},"end":{"line":61,"column":138}},"line":61},"15":{"name":"(anonymous_15)","decl":{"start":{"line":63,"column":74},"end":{"line":63,"column":75}},"loc":{"start":{"line":63,"column":86},"end":{"line":63,"column":129}},"line":63},"16":{"name":"(anonymous_16)","decl":{"start":{"line":65,"column":75},"end":{"line":65,"column":76}},"loc":{"start":{"line":65,"column":87},"end":{"line":65,"column":132}},"line":65},"17":{"name":"(anonymous_17)","decl":{"start":{"line":67,"column":65},"end":{"line":67,"column":66}},"loc":{"start":{"line":67,"column":77},"end":{"line":67,"column":102}},"line":67},"18":{"name":"(anonymous_18)","decl":{"start":{"line":69,"column":69},"end":{"line":69,"column":70}},"loc":{"start":{"line":69,"column":81},"end":{"line":69,"column":114}},"line":69}},"branchMap":{"0":{"loc":{"start":{"line":2,"column":22},"end":{"line":12,"column":3}},"type":"binary-expr","locations":[{"start":{"line":2,"column":23},"end":{"line":2,"column":27}},{"start":{"line":2,"column":31},"end":{"line":2,"column":51}},{"start":{"line":2,"column":57},"end":{"line":12,"column":2}}],"line":2},"1":{"loc":{"start":{"line":2,"column":57},"end":{"line":12,"column":2}},"type":"cond-expr","locations":[{"start":{"line":2,"column":74},"end":{"line":9,"column":1}},{"start":{"line":9,"column":6},"end":{"line":12,"column":1}}],"line":2},"2":{"loc":{"start":{"line":3,"column":4},"end":{"line":3,"column":33}},"type":"if","locations":[{"start":{"line":3,"column":4},"end":{"line":3,"column":33}},{"start":{"line":3,"column":4},"end":{"line":3,"column":33}}],"line":3},"3":{"loc":{"start":{"line":5,"column":4},"end":{"line":7,"column":5}},"type":"if","locations":[{"start":{"line":5,"column":4},"end":{"line":7,"column":5}},{"start":{"line":5,"column":4},"end":{"line":7,"column":5}}],"line":5},"4":{"loc":{"start":{"line":5,"column":8},"end":{"line":5,"column":85}},"type":"binary-expr","locations":[{"start":{"line":5,"column":8},"end":{"line":5,"column":13}},{"start":{"line":5,"column":18},"end":{"line":5,"column":84}}],"line":5},"5":{"loc":{"start":{"line":5,"column":18},"end":{"line":5,"column":84}},"type":"cond-expr","locations":[{"start":{"line":5,"column":34},"end":{"line":5,"column":47}},{"start":{"line":5,"column":50},"end":{"line":5,"column":84}}],"line":5},"6":{"loc":{"start":{"line":5,"column":50},"end":{"line":5,"column":84}},"type":"binary-expr","locations":[{"start":{"line":5,"column":50},"end":{"line":5,"column":63}},{"start":{"line":5,"column":67},"end":{"line":5,"column":84}}],"line":5},"7":{"loc":{"start":{"line":10,"column":4},"end":{"line":10,"column":33}},"type":"if","locations":[{"start":{"line":10,"column":4},"end":{"line":10,"column":33}},{"start":{"line":10,"column":4},"end":{"line":10,"column":33}}],"line":10},"8":{"loc":{"start":{"line":13,"column":19},"end":{"line":15,"column":1}},"type":"binary-expr","locations":[{"start":{"line":13,"column":20},"end":{"line":13,"column":24}},{"start":{"line":13,"column":28},"end":{"line":13,"column":45}},{"start":{"line":13,"column":50},"end":{"line":15,"column":1}}],"line":13},"9":{"loc":{"start":{"line":14,"column":21},"end":{"line":14,"column":126}},"type":"if","locations":[{"start":{"line":14,"column":21},"end":{"line":14,"column":126}},{"start":{"line":14,"column":21},"end":{"line":14,"column":126}}],"line":14},"10":{"loc":{"start":{"line":14,"column":25},"end":{"line":14,"column":93}},"type":"binary-expr","locations":[{"start":{"line":14,"column":25},"end":{"line":14,"column":40}},{"start":{"line":14,"column":44},"end":{"line":14,"column":93}}],"line":14}},"s":{"0":1,"1":18,"2":18,"3":18,"4":18,"5":18,"6":54,"7":18,"8":0,"9":0,"10":0,"11":1,"12":22,"13":18,"14":18,"15":1,"16":1,"17":1,"18":1,"19":1,"20":1,"21":1,"22":1,"23":1,"24":1,"25":1,"26":1,"27":1,"28":1,"29":1,"30":1,"31":1,"32":1,"33":1,"34":1,"35":1,"36":1,"37":1,"38":1,"39":1,"40":1,"41":0,"42":1,"43":1,"44":0,"45":1,"46":1,"47":0,"48":1,"49":1,"50":0,"51":1,"52":1,"53":0,"54":1,"55":1,"56":0,"57":1,"58":1,"59":0,"60":1,"61":1,"62":0,"63":1,"64":1,"65":0,"66":1,"67":1,"68":0,"69":1,"70":1,"71":0,"72":1,"73":1,"74":0,"75":1,"76":1,"77":0,"78":1,"79":1,"80":0,"81":1,"82":1,"83":0},"f":{"0":18,"1":54,"2":0,"3":22,"4":0,"5":0,"6":0,"7":0,"8":0,"9":0,"10":0,"11":0,"12":0,"13":0,"14":0,"15":0,"16":0,"17":0,"18":0},"b":{"0":[1,1,1],"1":[1,0],"2":[18,0],"3":[18,0],"4":[18,18],"5":[0,18],"6":[18,0],"7":[0,0],"8":[1,1,1],"9":[18,0],"10":[18,18]},"inputSourceMap":{"version":3,"file":"/Users/waynedouglas/Source/repos/json-api-query/src/index.ts","sources":["/Users/waynedouglas/Source/repos/json-api-query/src/index.ts"],"names":[],"mappings":";;;;;;;;;;;;;;;;;AACA,qDAAkC;AAClC,wDAAqC;AACrC,8CAA2B;AAC3B,8CAA2B;AAC3B,kEAA+C;AAC/C,kEAA+C;AAC/C,uEAAoD;AACpD,uEAAoD;AACpD,qEAAkD;AAClD,0EAAuD;AACvD,iFAA8D;AAC9D,kEAA+C;AAC/C,uEAAoD;AACpD,8EAA2D;AAC3D,kEAA+C;AAC/C,iEAA8C;AAC9C,yEAAsD;AACtD,iDAA8B;AAC9B,gDAA6B;AAC7B,mDAAgC;AAChC,qDAAkC;AAClC,yDAAsC;AACtC,uEAAoE;AAA5D,oIAAA,wBAAwB,OAAA;AAChC,+CAA4C;AAApC,4GAAA,YAAY,OAAA;AACpB,iDAA8C;AAAtC,8GAAA,aAAa,OAAA;AACrB,uDAAoD;AAA5C,oHAAA,gBAAgB,OAAA;AACxB,qDAAkD;AAA1C,kHAAA,eAAe,OAAA;AACvB,uDAAoD;AAA5C,oHAAA,gBAAgB,OAAA;AACxB,iDAA8C;AAAtC,8GAAA,aAAa,OAAA;AACrB,+EAA4E;AAApE,4IAAA,4BAA4B,OAAA;AACpC,+DAA4D;AAApD,4HAAA,oBAAoB,OAAA;AAC5B,yEAAsE;AAA9D,sIAAA,yBAAyB,OAAA;AACjC,yDAAsD;AAA9C,sHAAA,iBAAiB,OAAA;AACzB,mDAAgD;AAAxC,gHAAA,cAAc,OAAA;AACtB,qDAAkD;AAA1C,kHAAA,eAAe,OAAA;AACvB,iCAA8B;AAAtB,8FAAA,KAAK,OAAA;AACb,yCAAsC;AAA9B,sGAAA,SAAS,OAAA","sourcesContent":["// @index('./**/*.ts', f => `export * from '${f.path}'`)\nexport * from './IBooleanOperator'\nexport * from './IComparisonOperator'\nexport * from './IOperator'\nexport * from './IPageInfo'\nexport * from './operators/dialect/AndOperator'\nexport * from './operators/dialect/AnyOperator'\nexport * from './operators/dialect/ContainsOperator'\nexport * from './operators/dialect/EndsWithOperator'\nexport * from './operators/dialect/EqualsOperator'\nexport * from './operators/dialect/GreaterThanOperator'\nexport * from './operators/dialect/GreaterThanOrEqualOperator'\nexport * from './operators/dialect/HasOperator'\nexport * from './operators/dialect/LessThanOperator'\nexport * from './operators/dialect/LessThanOrEqualOperator'\nexport * from './operators/dialect/NotOperator'\nexport * from './operators/dialect/OrOperator'\nexport * from './operators/dialect/StartsWithOperator'\nexport * from './QueryBuilder'\nexport * from './SparseField'\nexport * from './SparseFieldSet'\nexport * from './Utils/Expression'\nexport * from './Utils/ExpressionType'\nexport {FindOptionsWhereProperty} from \"./FindOptionsWhereProperty\";\nexport {FindOperator} from \"./FindOperator\";\nexport {EqualOperator} from \"./EqualOperator\";\nexport {FindOptionsWhere} from \"./FindOptionsWhere\";\nexport {InstanceChecker} from \"./InstanceChecker\";\nexport {FindOperatorType} from \"./FindOperatorType\";\nexport {ObjectLiteral} from \"./ObjectLiteral\";\nexport {FindOptionsRelationsProperty} from \"./FindOptionsRelationsProperty\";\nexport {FindOptionsRelations} from \"./FindOptionsRelations\";\nexport {FindOptionsSelectProperty} from \"./FindOptionsSelectProperty\";\nexport {FindOptionsSelect} from \"./FindOptionsSelect\";\nexport {FindOneOptions} from \"./FindOneOptions\";\nexport {FindManyOptions} from \"./FindManyOptions\";\nexport {Sorts} from \"./Sorts\";\nexport {SortField} from \"./SortField\";\n// @endindex\n"]},"_coverageSchema":"1a1c01bbd47fc00a2c39e90264f33305004495a9","hash":"5269218c402d73b4e12927f7458880a520550260"},"/Users/waynedouglas/Source/repos/json-api-query/src/IBooleanOperator.ts":{"path":"/Users/waynedouglas/Source/repos/json-api-query/src/IBooleanOperator.ts","statementMap":{"0":{"start":{"line":2,"column":0},"end":{"line":2,"column":62}}},"fnMap":{},"branchMap":{},"s":{"0":1},"f":{},"b":{},"inputSourceMap":{"version":3,"file":"/Users/waynedouglas/Source/repos/json-api-query/src/IBooleanOperator.ts","sources":["/Users/waynedouglas/Source/repos/json-api-query/src/IBooleanOperator.ts"],"names":[],"mappings":"","sourcesContent":["import { IOperator } from \"./IOperator\";\n\n\nexport interface IBooleanOperator extends IOperator { }\n"]},"_coverageSchema":"1a1c01bbd47fc00a2c39e90264f33305004495a9","hash":"0c2ac68160a81850f369903cb57309faa7ac7a20"},"/Users/waynedouglas/Source/repos/json-api-query/src/IComparisonOperator.ts":{"path":"/Users/waynedouglas/Source/repos/json-api-query/src/IComparisonOperator.ts","statementMap":{"0":{"start":{"line":2,"column":0},"end":{"line":2,"column":62}}},"fnMap":{},"branchMap":{},"s":{"0":1},"f":{},"b":{},"inputSourceMap":{"version":3,"file":"/Users/waynedouglas/Source/repos/json-api-query/src/IComparisonOperator.ts","sources":["/Users/waynedouglas/Source/repos/json-api-query/src/IComparisonOperator.ts"],"names":[],"mappings":"","sourcesContent":["import { IOperator } from \"./IOperator\";\n\n\nexport interface IComparisonOperator extends IOperator { }\n"]},"_coverageSchema":"1a1c01bbd47fc00a2c39e90264f33305004495a9","hash":"e4492343b69e08e1f711f72702319b0c7351ee2e"},"/Users/waynedouglas/Source/repos/json-api-query/src/IOperator.ts":{"path":"/Users/waynedouglas/Source/repos/json-api-query/src/IOperator.ts","statementMap":{"0":{"start":{"line":2,"column":0},"end":{"line":2,"column":62}}},"fnMap":{},"branchMap":{},"s":{"0":1},"f":{},"b":{},"inputSourceMap":{"version":3,"file":"/Users/waynedouglas/Source/repos/json-api-query/src/IOperator.ts","sources":["/Users/waynedouglas/Source/repos/json-api-query/src/IOperator.ts"],"names":[],"mappings":"","sourcesContent":["export interface IOperator {\n}\n"]},"_coverageSchema":"1a1c01bbd47fc00a2c39e90264f33305004495a9","hash":"2bcfd151a695181ed4ec1e9176a823bbf6fb4b11"},"/Users/waynedouglas/Source/repos/json-api-query/src/IPageInfo.ts":{"path":"/Users/waynedouglas/Source/repos/json-api-query/src/IPageInfo.ts","statementMap":{"0":{"start":{"line":2,"column":0},"end":{"line":2,"column":62}}},"fnMap":{},"branchMap":{},"s":{"0":1},"f":{},"b":{},"inputSourceMap":{"version":3,"file":"/Users/waynedouglas/Source/repos/json-api-query/src/IPageInfo.ts","sources":["/Users/waynedouglas/Source/repos/json-api-query/src/IPageInfo.ts"],"names":[],"mappings":"","sourcesContent":["\nexport interface IPageInfo {\n    size: number;\n    number: number;\n}\n"]},"_coverageSchema":"1a1c01bbd47fc00a2c39e90264f33305004495a9","hash":"f9c42968ab671a9e013e9a8548e688ba9bef10a8"},"/Users/waynedouglas/Source/repos/json-api-query/src/operators/dialect/AndOperator.ts":{"path":"/Users/waynedouglas/Source/repos/json-api-query/src/operators/dialect/AndOperator.ts","statementMap":{"0":{"start":{"line":2,"column":0},"end":{"line":2,"column":62}},"1":{"start":{"line":3,"column":0},"end":{"line":3,"column":29}},"2":{"start":{"line":4,"column":19},"end":{"line":17,"column":3}},"3":{"start":{"line":6,"column":21},"end":{"line":6,"column":23}},"4":{"start":{"line":7,"column":8},"end":{"line":9,"column":9}},"5":{"start":{"line":7,"column":22},"end":{"line":7,"column":23}},"6":{"start":{"line":8,"column":12},"end":{"line":8,"column":39}},"7":{"start":{"line":10,"column":8},"end":{"line":10,"column":29}},"8":{"start":{"line":11,"column":8},"end":{"line":11,"column":33}},"9":{"start":{"line":13,"column":4},"end":{"line":15,"column":6}},"10":{"start":{"line":14,"column":8},"end":{"line":14,"column":104}},"11":{"start":{"line":14,"column":64},"end":{"line":14,"column":84}},"12":{"start":{"line":16,"column":4},"end":{"line":16,"column":23}},"13":{"start":{"line":18,"column":0},"end":{"line":18,"column":34}}},"fnMap":{"0":{"name":"(anonymous_0)","decl":{"start":{"line":4,"column":19},"end":{"line":4,"column":20}},"loc":{"start":{"line":4,"column":31},"end":{"line":17,"column":1}},"line":4},"1":{"name":"AndOperator","decl":{"start":{"line":5,"column":13},"end":{"line":5,"column":24}},"loc":{"start":{"line":5,"column":27},"end":{"line":12,"column":5}},"line":5},"2":{"name":"(anonymous_2)","decl":{"start":{"line":13,"column":37},"end":{"line":13,"column":38}},"loc":{"start":{"line":13,"column":49},"end":{"line":15,"column":5}},"line":13},"3":{"name":"(anonymous_3)","decl":{"start":{"line":14,"column":49},"end":{"line":14,"column":50}},"loc":{"start":{"line":14,"column":62},"end":{"line":14,"column":86}},"line":14}},"branchMap":{},"s":{"0":1,"1":1,"2":1,"3":0,"4":0,"5":0,"6":0,"7":0,"8":0,"9":1,"10":0,"11":0,"12":1,"13":1},"f":{"0":1,"1":0,"2":0,"3":0},"b":{},"inputSourceMap":{"version":3,"file":"/Users/waynedouglas/Source/repos/json-api-query/src/operators/dialect/AndOperator.ts","sources":["/Users/waynedouglas/Source/repos/json-api-query/src/operators/dialect/AndOperator.ts"],"names":[],"mappings":";;;AAGA;IAGI;QAAY,gBAAqC;aAArC,UAAqC,EAArC,qBAAqC,EAArC,IAAqC;YAArC,2BAAqC;;QAFjD,eAAU,GAA+B,EAAE,CAAC;QAGxC,IAAI,CAAC,UAAU,GAAG,MAAM,CAAC;IAC7B,CAAC;IAED,8BAAQ,GAAR;QACI,OAAO,cAAO,IAAI,CAAC,UAAU,CAAC,GAAG,CAAC,UAAA,CAAC,IAAI,OAAA,CAAC,CAAC,QAAQ,EAAE,EAAZ,CAAY,CAAC,CAAC,IAAI,CAAC,GAAG,CAAC,MAAG,CAAC;IACtE,CAAC;IACL,kBAAC;AAAD,CAAC,AAVD,IAUC;AAVY,kCAAW","sourcesContent":["import { IComparisonOperator } from \"../../IComparisonOperator\";\nimport { IBooleanOperator } from \"../../IBooleanOperator\";\n\nexport class AndOperator implements IBooleanOperator {\n    _operators: Array<IComparisonOperator> = [];\n\n    constructor(...params: Array<IComparisonOperator>) {\n        this._operators = params;\n    }\n\n    toString(): string {\n        return `and(${this._operators.map(x => x.toString()).join(',')})`;\n    }\n}\n"]},"_coverageSchema":"1a1c01bbd47fc00a2c39e90264f33305004495a9","hash":"107a7be09ceeff95ad41b61b458f9e7668347915"},"/Users/waynedouglas/Source/repos/json-api-query/src/operators/dialect/AnyOperator.ts":{"path":"/Users/waynedouglas/Source/repos/json-api-query/src/operators/dialect/AnyOperator.ts","statementMap":{"0":{"start":{"line":2,"column":0},"end":{"line":2,"column":62}},"1":{"start":{"line":3,"column":0},"end":{"line":3,"column":29}},"2":{"start":{"line":4,"column":19},"end":{"line":18,"column":3}},"3":{"start":{"line":6,"column":21},"end":{"line":6,"column":23}},"4":{"start":{"line":7,"column":8},"end":{"line":9,"column":9}},"5":{"start":{"line":7,"column":22},"end":{"line":7,"column":23}},"6":{"start":{"line":8,"column":12},"end":{"line":8,"column":43}},"7":{"start":{"line":10,"column":8},"end":{"line":10,"column":33}},"8":{"start":{"line":11,"column":8},"end":{"line":11,"column":34}},"9":{"start":{"line":12,"column":8},"end":{"line":12,"column":30}},"10":{"start":{"line":14,"column":4},"end":{"line":16,"column":6}},"11":{"start":{"line":15,"column":8},"end":{"line":15,"column":86}},"12":{"start":{"line":17,"column":4},"end":{"line":17,"column":23}},"13":{"start":{"line":19,"column":0},"end":{"line":19,"column":34}}},"fnMap":{"0":{"name":"(anonymous_0)","decl":{"start":{"line":4,"column":19},"end":{"line":4,"column":20}},"loc":{"start":{"line":4,"column":31},"end":{"line":18,"column":1}},"line":4},"1":{"name":"AnyOperator","decl":{"start":{"line":5,"column":13},"end":{"line":5,"column":24}},"loc":{"start":{"line":5,"column":35},"end":{"line":13,"column":5}},"line":5},"2":{"name":"(anonymous_2)","decl":{"start":{"line":14,"column":37},"end":{"line":14,"column":38}},"loc":{"start":{"line":14,"column":49},"end":{"line":16,"column":5}},"line":14}},"branchMap":{},"s":{"0":1,"1":1,"2":1,"3":3,"4":3,"5":3,"6":5,"7":3,"8":3,"9":3,"10":1,"11":2,"12":1,"13":1},"f":{"0":1,"1":3,"2":2},"b":{},"inputSourceMap":{"version":3,"file":"/Users/waynedouglas/Source/repos/json-api-query/src/operators/dialect/AnyOperator.ts","sources":["/Users/waynedouglas/Source/repos/json-api-query/src/operators/dialect/AnyOperator.ts"],"names":[],"mappings":";;;AAGA;IAKI,qBAAmB,QAAgB;QAAE,gBAAwB;aAAxB,UAAwB,EAAxB,qBAAwB,EAAxB,IAAwB;YAAxB,+BAAwB;;QAA1C,aAAQ,GAAR,QAAQ,CAAQ;QAC/B,IAAI,CAAC,SAAS,GAAG,QAAQ,CAAC;QAC1B,IAAI,CAAC,OAAO,GAAG,MAAM,CAAC;IAC1B,CAAC;IAED,8BAAQ,GAAR;QACI,OAAO,cAAO,IAAI,CAAC,SAAS,cAAI,IAAI,CAAC,OAAO,CAAC,IAAI,CAAC,GAAG,CAAC,MAAG,CAAC;IAC9D,CAAC;IACL,kBAAC;AAAD,CAAC,AAbD,IAaC;AAbY,kCAAW","sourcesContent":["import { IComparisonOperator } from \"../../IComparisonOperator\";\n\n\nexport class AnyOperator implements IComparisonOperator {\n\n    _property: string;\n    _values: Array<string>;\n\n    constructor(public property: string, ...params: Array<string>) {\n        this._property = property;\n        this._values = params;\n    }\n\n    toString(): string {\n        return `any(${this._property},${this._values.join(',')})`;\n    }\n}\n\n\n"]},"_coverageSchema":"1a1c01bbd47fc00a2c39e90264f33305004495a9","hash":"b7e918bc74998ab7cbf020a8cf6106829c8df9f6"},"/Users/waynedouglas/Source/repos/json-api-query/src/operators/dialect/ContainsOperator.ts":{"path":"/Users/waynedouglas/Source/repos/json-api-query/src/operators/dialect/ContainsOperator.ts","statementMap":{"0":{"start":{"line":2,"column":0},"end":{"line":2,"column":62}},"1":{"start":{"line":3,"column":0},"end":{"line":3,"column":34}},"2":{"start":{"line":4,"column":24},"end":{"line":15,"column":3}},"3":{"start":{"line":6,"column":8},"end":{"line":6,"column":33}},"4":{"start":{"line":7,"column":8},"end":{"line":7,"column":27}},"5":{"start":{"line":8,"column":8},"end":{"line":8,"column":34}},"6":{"start":{"line":9,"column":8},"end":{"line":9,"column":28}},"7":{"start":{"line":11,"column":4},"end":{"line":13,"column":6}},"8":{"start":{"line":12,"column":8},"end":{"line":12,"column":82}},"9":{"start":{"line":14,"column":4},"end":{"line":14,"column":28}},"10":{"start":{"line":16,"column":0},"end":{"line":16,"column":44}}},"fnMap":{"0":{"name":"(anonymous_0)","decl":{"start":{"line":4,"column":24},"end":{"line":4,"column":25}},"loc":{"start":{"line":4,"column":36},"end":{"line":15,"column":1}},"line":4},"1":{"name":"ContainsOperator","decl":{"start":{"line":5,"column":13},"end":{"line":5,"column":29}},"loc":{"start":{"line":5,"column":47},"end":{"line":10,"column":5}},"line":5},"2":{"name":"(anonymous_2)","decl":{"start":{"line":11,"column":42},"end":{"line":11,"column":43}},"loc":{"start":{"line":11,"column":54},"end":{"line":13,"column":5}},"line":11}},"branchMap":{},"s":{"0":1,"1":1,"2":1,"3":3,"4":3,"5":3,"6":3,"7":1,"8":2,"9":1,"10":1},"f":{"0":1,"1":3,"2":2},"b":{},"inputSourceMap":{"version":3,"file":"/Users/waynedouglas/Source/repos/json-api-query/src/operators/dialect/ContainsOperator.ts","sources":["/Users/waynedouglas/Source/repos/json-api-query/src/operators/dialect/ContainsOperator.ts"],"names":[],"mappings":";;;AAGA;IAKI,0BAAmB,QAAgB,EAAS,KAAa;QAAtC,aAAQ,GAAR,QAAQ,CAAQ;QAAS,UAAK,GAAL,KAAK,CAAQ;QACrD,IAAI,CAAC,SAAS,GAAG,QAAQ,CAAC;QAC1B,IAAI,CAAC,MAAM,GAAG,KAAK,CAAC;IACxB,CAAC;IAED,mCAAQ,GAAR;QACI,OAAO,mBAAY,IAAI,CAAC,SAAS,eAAK,IAAI,CAAC,MAAM,OAAI,CAAC;IAC1D,CAAC;IACL,uBAAC;AAAD,CAAC,AAbD,IAaC;AAbY,4CAAgB","sourcesContent":["import { IComparisonOperator } from \"../../IComparisonOperator\";\n\n\nexport class ContainsOperator implements IComparisonOperator {\n\n    _property: string;\n    _value: string;\n\n    constructor(public property: string, public value: string) {\n        this._property = property;\n        this._value = value;\n    }\n\n    toString(): string {\n        return `contains(${this._property},'${this._value}')`;\n    }\n}\n"]},"_coverageSchema":"1a1c01bbd47fc00a2c39e90264f33305004495a9","hash":"ff1673636d8d3f2faa2983a0e167da9d9105d130"},"/Users/waynedouglas/Source/repos/json-api-query/src/operators/dialect/EndsWithOperator.ts":{"path":"/Users/waynedouglas/Source/repos/json-api-query/src/operators/dialect/EndsWithOperator.ts","statementMap":{"0":{"start":{"line":2,"column":0},"end":{"line":2,"column":62}},"1":{"start":{"line":3,"column":0},"end":{"line":3,"column":34}},"2":{"start":{"line":4,"column":24},"end":{"line":15,"column":3}},"3":{"start":{"line":6,"column":8},"end":{"line":6,"column":33}},"4":{"start":{"line":7,"column":8},"end":{"line":7,"column":27}},"5":{"start":{"line":8,"column":8},"end":{"line":8,"column":34}},"6":{"start":{"line":9,"column":8},"end":{"line":9,"column":28}},"7":{"start":{"line":11,"column":4},"end":{"line":13,"column":6}},"8":{"start":{"line":12,"column":8},"end":{"line":12,"column":82}},"9":{"start":{"line":14,"column":4},"end":{"line":14,"column":28}},"10":{"start":{"line":16,"column":0},"end":{"line":16,"column":44}}},"fnMap":{"0":{"name":"(anonymous_0)","decl":{"start":{"line":4,"column":24},"end":{"line":4,"column":25}},"loc":{"start":{"line":4,"column":36},"end":{"line":15,"column":1}},"line":4},"1":{"name":"EndsWithOperator","decl":{"start":{"line":5,"column":13},"end":{"line":5,"column":29}},"loc":{"start":{"line":5,"column":47},"end":{"line":10,"column":5}},"line":5},"2":{"name":"(anonymous_2)","decl":{"start":{"line":11,"column":42},"end":{"line":11,"column":43}},"loc":{"start":{"line":11,"column":54},"end":{"line":13,"column":5}},"line":11}},"branchMap":{},"s":{"0":1,"1":1,"2":1,"3":3,"4":3,"5":3,"6":3,"7":1,"8":2,"9":1,"10":1},"f":{"0":1,"1":3,"2":2},"b":{},"inputSourceMap":{"version":3,"file":"/Users/waynedouglas/Source/repos/json-api-query/src/operators/dialect/EndsWithOperator.ts","sources":["/Users/waynedouglas/Source/repos/json-api-query/src/operators/dialect/EndsWithOperator.ts"],"names":[],"mappings":";;;AAGA;IAKI,0BAAmB,QAAgB,EAAS,KAAU;QAAnC,aAAQ,GAAR,QAAQ,CAAQ;QAAS,UAAK,GAAL,KAAK,CAAK;QAClD,IAAI,CAAC,SAAS,GAAG,QAAQ,CAAC;QAC1B,IAAI,CAAC,MAAM,GAAG,KAAK,CAAC;IACxB,CAAC;IAED,mCAAQ,GAAR;QACI,OAAO,mBAAY,IAAI,CAAC,SAAS,eAAK,IAAI,CAAC,MAAM,OAAI,CAAC;IAC1D,CAAC;IACL,uBAAC;AAAD,CAAC,AAbD,IAaC;AAbY,4CAAgB","sourcesContent":["import { IComparisonOperator } from \"../../IComparisonOperator\";\n\n\nexport class EndsWithOperator implements IComparisonOperator {\n\n    _property: string;\n    _value: string;\n\n    constructor(public property: string, public value: any) {\n        this._property = property;\n        this._value = value;\n    }\n\n    toString(): string {\n        return `endsWith(${this._property},'${this._value}')`;\n    }\n}\n"]},"_coverageSchema":"1a1c01bbd47fc00a2c39e90264f33305004495a9","hash":"aa5d6cc68d345e3033f54a41a4e80babce4ea1c9"},"/Users/waynedouglas/Source/repos/json-api-query/src/operators/dialect/EqualsOperator.ts":{"path":"/Users/waynedouglas/Source/repos/json-api-query/src/operators/dialect/EqualsOperator.ts","statementMap":{"0":{"start":{"line":2,"column":0},"end":{"line":2,"column":62}},"1":{"start":{"line":3,"column":0},"end":{"line":3,"column":32}},"2":{"start":{"line":4,"column":22},"end":{"line":20,"column":3}},"3":{"start":{"line":6,"column":8},"end":{"line":6,"column":33}},"4":{"start":{"line":7,"column":8},"end":{"line":7,"column":27}},"5":{"start":{"line":8,"column":8},"end":{"line":8,"column":34}},"6":{"start":{"line":9,"column":8},"end":{"line":9,"column":28}},"7":{"start":{"line":11,"column":4},"end":{"line":18,"column":6}},"8":{"start":{"line":12,"column":8},"end":{"line":17,"column":9}},"9":{"start":{"line":13,"column":12},"end":{"line":13,"column":84}},"10":{"start":{"line":16,"column":12},"end":{"line":16,"column":82}},"11":{"start":{"line":19,"column":4},"end":{"line":19,"column":26}},"12":{"start":{"line":21,"column":0},"end":{"line":21,"column":40}}},"fnMap":{"0":{"name":"(anonymous_0)","decl":{"start":{"line":4,"column":22},"end":{"line":4,"column":23}},"loc":{"start":{"line":4,"column":34},"end":{"line":20,"column":1}},"line":4},"1":{"name":"EqualsOperator","decl":{"start":{"line":5,"column":13},"end":{"line":5,"column":27}},"loc":{"start":{"line":5,"column":45},"end":{"line":10,"column":5}},"line":5},"2":{"name":"(anonymous_2)","decl":{"start":{"line":11,"column":40},"end":{"line":11,"column":41}},"loc":{"start":{"line":11,"column":52},"end":{"line":18,"column":5}},"line":11}},"branchMap":{"0":{"loc":{"start":{"line":12,"column":8},"end":{"line":17,"column":9}},"type":"if","locations":[{"start":{"line":12,"column":8},"end":{"line":17,"column":9}},{"start":{"line":12,"column":8},"end":{"line":17,"column":9}}],"line":12}},"s":{"0":1,"1":1,"2":1,"3":20,"4":20,"5":20,"6":20,"7":1,"8":18,"9":18,"10":0,"11":1,"12":1},"f":{"0":1,"1":20,"2":18},"b":{"0":[18,0]},"inputSourceMap":{"version":3,"file":"/Users/waynedouglas/Source/repos/json-api-query/src/operators/dialect/EqualsOperator.ts","sources":["/Users/waynedouglas/Source/repos/json-api-query/src/operators/dialect/EqualsOperator.ts"],"names":[],"mappings":";;;AAGA;IAKI,wBAAmB,QAAgB,EAAS,KAAa;QAAtC,aAAQ,GAAR,QAAQ,CAAQ;QAAS,UAAK,GAAL,KAAK,CAAQ;QACrD,IAAI,CAAC,SAAS,GAAG,QAAQ,CAAC;QAC1B,IAAI,CAAC,MAAM,GAAG,KAAK,CAAC;IACxB,CAAC;IAED,iCAAQ,GAAR;QAEI,IAAI,IAAI,CAAC,MAAM,IAAI,MAAM,EAAE;YACvB,OAAO,iBAAU,IAAI,CAAC,SAAS,eAAK,IAAI,CAAC,MAAM,OAAI,CAAC;SACvD;aACI;YACD,OAAO,iBAAU,IAAI,CAAC,SAAS,cAAI,IAAI,CAAC,MAAM,MAAG,CAAA;SACpD;IACL,CAAC;IACL,qBAAC;AAAD,CAAC,AAnBD,IAmBC;AAnBY,wCAAc","sourcesContent":["import { classImplements, isBooleanLiteral } from '@babel/types';\nimport { IComparisonOperator } from \"../../IComparisonOperator\";\n\nexport class EqualsOperator implements IComparisonOperator {\n\n    _property: string;\n    _value: string;\n\n    constructor(public property: string, public value: string) {\n        this._property = property;\n        this._value = value;\n    }\n\n    toString(): string {\n        // special case for null\n        if (this._value != \"null\") {\n            return `equals(${this._property},'${this._value}')`;\n        }\n        else {\n            return `equals(${this._property},${this._value})`\n        }\n    }\n}\n\n"]},"_coverageSchema":"1a1c01bbd47fc00a2c39e90264f33305004495a9","hash":"390ca209c5d0a53847dbaf18a9ad0b63f7f90bd9"},"/Users/waynedouglas/Source/repos/json-api-query/src/operators/dialect/GreaterThanOperator.ts":{"path":"/Users/waynedouglas/Source/repos/json-api-query/src/operators/dialect/GreaterThanOperator.ts","statementMap":{"0":{"start":{"line":2,"column":0},"end":{"line":2,"column":62}},"1":{"start":{"line":3,"column":0},"end":{"line":3,"column":37}},"2":{"start":{"line":4,"column":27},"end":{"line":15,"column":3}},"3":{"start":{"line":6,"column":8},"end":{"line":6,"column":33}},"4":{"start":{"line":7,"column":8},"end":{"line":7,"column":27}},"5":{"start":{"line":8,"column":8},"end":{"line":8,"column":34}},"6":{"start":{"line":9,"column":8},"end":{"line":9,"column":28}},"7":{"start":{"line":11,"column":4},"end":{"line":13,"column":6}},"8":{"start":{"line":12,"column":8},"end":{"line":12,"column":85}},"9":{"start":{"line":14,"column":4},"end":{"line":14,"column":31}},"10":{"start":{"line":16,"column":0},"end":{"line":16,"column":50}}},"fnMap":{"0":{"name":"(anonymous_0)","decl":{"start":{"line":4,"column":27},"end":{"line":4,"column":28}},"loc":{"start":{"line":4,"column":39},"end":{"line":15,"column":1}},"line":4},"1":{"name":"GreaterThanOperator","decl":{"start":{"line":5,"column":13},"end":{"line":5,"column":32}},"loc":{"start":{"line":5,"column":50},"end":{"line":10,"column":5}},"line":5},"2":{"name":"(anonymous_2)","decl":{"start":{"line":11,"column":45},"end":{"line":11,"column":46}},"loc":{"start":{"line":11,"column":57},"end":{"line":13,"column":5}},"line":11}},"branchMap":{},"s":{"0":1,"1":1,"2":1,"3":4,"4":4,"5":4,"6":4,"7":1,"8":3,"9":1,"10":1},"f":{"0":1,"1":4,"2":3},"b":{},"inputSourceMap":{"version":3,"file":"/Users/waynedouglas/Source/repos/json-api-query/src/operators/dialect/GreaterThanOperator.ts","sources":["/Users/waynedouglas/Source/repos/json-api-query/src/operators/dialect/GreaterThanOperator.ts"],"names":[],"mappings":";;;AAGA;IAKI,6BAAmB,QAAgB,EAAS,KAAU;QAAnC,aAAQ,GAAR,QAAQ,CAAQ;QAAS,UAAK,GAAL,KAAK,CAAK;QAClD,IAAI,CAAC,SAAS,GAAG,QAAQ,CAAC;QAC1B,IAAI,CAAC,MAAM,GAAG,KAAK,CAAC;IACxB,CAAC;IAED,sCAAQ,GAAR;QACI,OAAO,sBAAe,IAAI,CAAC,SAAS,eAAK,IAAI,CAAC,MAAM,OAAI,CAAC;IAC7D,CAAC;IACL,0BAAC;AAAD,CAAC,AAbD,IAaC;AAbY,kDAAmB","sourcesContent":["import { IComparisonOperator } from \"../../IComparisonOperator\";\n\n\nexport class GreaterThanOperator implements IComparisonOperator {\n\n    _property: string;\n    _value: string;\n\n    constructor(public property: string, public value: any) {\n        this._property = property;\n        this._value = value;\n    }\n\n    toString(): string {\n        return `greaterThan(${this._property},'${this._value}')`;\n    }\n}\n"]},"_coverageSchema":"1a1c01bbd47fc00a2c39e90264f33305004495a9","hash":"50c9e113cafe68245470703a615d4c83e9188c36"},"/Users/waynedouglas/Source/repos/json-api-query/src/operators/dialect/GreaterThanOrEqualOperator.ts":{"path":"/Users/waynedouglas/Source/repos/json-api-query/src/operators/dialect/GreaterThanOrEqualOperator.ts","statementMap":{"0":{"start":{"line":2,"column":0},"end":{"line":2,"column":62}},"1":{"start":{"line":3,"column":0},"end":{"line":3,"column":44}},"2":{"start":{"line":4,"column":34},"end":{"line":15,"column":3}},"3":{"start":{"line":6,"column":8},"end":{"line":6,"column":33}},"4":{"start":{"line":7,"column":8},"end":{"line":7,"column":27}},"5":{"start":{"line":8,"column":8},"end":{"line":8,"column":34}},"6":{"start":{"line":9,"column":8},"end":{"line":9,"column":28}},"7":{"start":{"line":11,"column":4},"end":{"line":13,"column":6}},"8":{"start":{"line":12,"column":8},"end":{"line":12,"column":88}},"9":{"start":{"line":14,"column":4},"end":{"line":14,"column":38}},"10":{"start":{"line":16,"column":0},"end":{"line":16,"column":64}}},"fnMap":{"0":{"name":"(anonymous_0)","decl":{"start":{"line":4,"column":34},"end":{"line":4,"column":35}},"loc":{"start":{"line":4,"column":46},"end":{"line":15,"column":1}},"line":4},"1":{"name":"GreaterThanOrEqualOperator","decl":{"start":{"line":5,"column":13},"end":{"line":5,"column":39}},"loc":{"start":{"line":5,"column":57},"end":{"line":10,"column":5}},"line":5},"2":{"name":"(anonymous_2)","decl":{"start":{"line":11,"column":52},"end":{"line":11,"column":53}},"loc":{"start":{"line":11,"column":64},"end":{"line":13,"column":5}},"line":11}},"branchMap":{},"s":{"0":1,"1":1,"2":1,"3":3,"4":3,"5":3,"6":3,"7":1,"8":2,"9":1,"10":1},"f":{"0":1,"1":3,"2":2},"b":{},"inputSourceMap":{"version":3,"file":"/Users/waynedouglas/Source/repos/json-api-query/src/operators/dialect/GreaterThanOrEqualOperator.ts","sources":["/Users/waynedouglas/Source/repos/json-api-query/src/operators/dialect/GreaterThanOrEqualOperator.ts"],"names":[],"mappings":";;;AAGA;IAKI,oCAAmB,QAAgB,EAAS,KAAU;QAAnC,aAAQ,GAAR,QAAQ,CAAQ;QAAS,UAAK,GAAL,KAAK,CAAK;QAClD,IAAI,CAAC,SAAS,GAAG,QAAQ,CAAC;QAC1B,IAAI,CAAC,MAAM,GAAG,KAAK,CAAC;IACxB,CAAC;IAED,6CAAQ,GAAR;QACI,OAAO,yBAAkB,IAAI,CAAC,SAAS,eAAK,IAAI,CAAC,MAAM,OAAI,CAAC;IAChE,CAAC;IACL,iCAAC;AAAD,CAAC,AAbD,IAaC;AAbY,gEAA0B","sourcesContent":["import { IComparisonOperator } from \"../../IComparisonOperator\";\n\n\nexport class GreaterThanOrEqualOperator implements IComparisonOperator {\n\n    _property: string;\n    _value: string;\n\n    constructor(public property: string, public value: any) {\n        this._property = property;\n        this._value = value;\n    }\n\n    toString(): string {\n        return `greaterOrEqual(${this._property},'${this._value}')`;\n    }\n}\n"]},"_coverageSchema":"1a1c01bbd47fc00a2c39e90264f33305004495a9","hash":"155af3a89316594f55f3cfc132ec2c3401d20973"},"/Users/waynedouglas/Source/repos/json-api-query/src/operators/dialect/HasOperator.ts":{"path":"/Users/waynedouglas/Source/repos/json-api-query/src/operators/dialect/HasOperator.ts","statementMap":{"0":{"start":{"line":2,"column":0},"end":{"line":2,"column":62}},"1":{"start":{"line":3,"column":0},"end":{"line":3,"column":29}},"2":{"start":{"line":4,"column":19},"end":{"line":19,"column":3}},"3":{"start":{"line":6,"column":8},"end":{"line":6,"column":67}},"4":{"start":{"line":6,"column":42},"end":{"line":6,"column":65}},"5":{"start":{"line":7,"column":8},"end":{"line":7,"column":33}},"6":{"start":{"line":8,"column":8},"end":{"line":8,"column":47}},"7":{"start":{"line":9,"column":8},"end":{"line":9,"column":34}},"8":{"start":{"line":10,"column":8},"end":{"line":10,"column":48}},"9":{"start":{"line":12,"column":4},"end":{"line":17,"column":6}},"10":{"start":{"line":13,"column":8},"end":{"line":15,"column":9}},"11":{"start":{"line":14,"column":12},"end":{"line":14,"column":100}},"12":{"start":{"line":16,"column":8},"end":{"line":16,"column":52}},"13":{"start":{"line":18,"column":4},"end":{"line":18,"column":23}},"14":{"start":{"line":20,"column":0},"end":{"line":20,"column":34}}},"fnMap":{"0":{"name":"(anonymous_0)","decl":{"start":{"line":4,"column":19},"end":{"line":4,"column":20}},"loc":{"start":{"line":4,"column":31},"end":{"line":19,"column":1}},"line":4},"1":{"name":"HasOperator","decl":{"start":{"line":5,"column":13},"end":{"line":5,"column":24}},"loc":{"start":{"line":5,"column":52},"end":{"line":11,"column":5}},"line":5},"2":{"name":"(anonymous_2)","decl":{"start":{"line":12,"column":37},"end":{"line":12,"column":38}},"loc":{"start":{"line":12,"column":49},"end":{"line":17,"column":5}},"line":12}},"branchMap":{"0":{"loc":{"start":{"line":6,"column":8},"end":{"line":6,"column":67}},"type":"if","locations":[{"start":{"line":6,"column":8},"end":{"line":6,"column":67}},{"start":{"line":6,"column":8},"end":{"line":6,"column":67}}],"line":6},"1":{"loc":{"start":{"line":13,"column":8},"end":{"line":15,"column":9}},"type":"if","locations":[{"start":{"line":13,"column":8},"end":{"line":15,"column":9}},{"start":{"line":13,"column":8},"end":{"line":15,"column":9}}],"line":13}},"s":{"0":1,"1":1,"2":1,"3":5,"4":1,"5":5,"6":5,"7":5,"8":5,"9":1,"10":5,"11":4,"12":1,"13":1,"14":1},"f":{"0":1,"1":5,"2":5},"b":{"0":[1,4],"1":[4,1]},"inputSourceMap":{"version":3,"file":"/Users/waynedouglas/Source/repos/json-api-query/src/operators/dialect/HasOperator.ts","sources":["/Users/waynedouglas/Source/repos/json-api-query/src/operators/dialect/HasOperator.ts"],"names":[],"mappings":";;;AAGA;IAKI,qBAAmB,QAAgB,EAAS,eAAkD;QAAlD,gCAAA,EAAA,sBAAkD;QAA3E,aAAQ,GAAR,QAAQ,CAAQ;QAAS,oBAAe,GAAf,eAAe,CAAmC;QAC1F,IAAI,CAAC,SAAS,GAAG,QAAQ,CAAC;QAC1B,IAAI,CAAC,gBAAgB,GAAG,eAAe,CAAC;IAC5C,CAAC;IAED,8BAAQ,GAAR;QACI,IAAG,IAAI,CAAC,gBAAgB,IAAI,IAAI,EAAE;YAC9B,OAAO,cAAO,IAAI,CAAC,SAAS,cAAI,IAAI,CAAC,gBAAgB,CAAC,QAAQ,EAAE,MAAG,CAAC;SACvE;QAED,OAAO,eAAQ,IAAI,CAAC,SAAS,OAAI,CAAC;IACtC,CAAC;IACL,kBAAC;AAAD,CAAC,AAjBD,IAiBC;AAjBY,kCAAW","sourcesContent":["import { IComparisonOperator } from \"../../IComparisonOperator\";\n\n\nexport class HasOperator implements IComparisonOperator {\n\n    _property: string;\n    _filterCondition: IComparisonOperator | null;\n\n    constructor(public property: string, public filterCondition: IComparisonOperator | null = null) {\n        this._property = property;\n        this._filterCondition = filterCondition;\n    }\n\n    toString(): string {\n        if(this._filterCondition != null) {\n            return `has(${this._property},${this._filterCondition.toString()})`;\n        }\n\n        return `has('${this._property}')`;\n    }\n}\n"]},"_coverageSchema":"1a1c01bbd47fc00a2c39e90264f33305004495a9","hash":"aa85ce76fa7e9162105d5e81541fc632a210ecdd"},"/Users/waynedouglas/Source/repos/json-api-query/src/operators/dialect/LessThanOperator.ts":{"path":"/Users/waynedouglas/Source/repos/json-api-query/src/operators/dialect/LessThanOperator.ts","statementMap":{"0":{"start":{"line":2,"column":0},"end":{"line":2,"column":62}},"1":{"start":{"line":3,"column":0},"end":{"line":3,"column":34}},"2":{"start":{"line":4,"column":24},"end":{"line":15,"column":3}},"3":{"start":{"line":6,"column":8},"end":{"line":6,"column":33}},"4":{"start":{"line":7,"column":8},"end":{"line":7,"column":27}},"5":{"start":{"line":8,"column":8},"end":{"line":8,"column":34}},"6":{"start":{"line":9,"column":8},"end":{"line":9,"column":28}},"7":{"start":{"line":11,"column":4},"end":{"line":13,"column":6}},"8":{"start":{"line":12,"column":8},"end":{"line":12,"column":82}},"9":{"start":{"line":14,"column":4},"end":{"line":14,"column":28}},"10":{"start":{"line":16,"column":0},"end":{"line":16,"column":44}}},"fnMap":{"0":{"name":"(anonymous_0)","decl":{"start":{"line":4,"column":24},"end":{"line":4,"column":25}},"loc":{"start":{"line":4,"column":36},"end":{"line":15,"column":1}},"line":4},"1":{"name":"LessThanOperator","decl":{"start":{"line":5,"column":13},"end":{"line":5,"column":29}},"loc":{"start":{"line":5,"column":47},"end":{"line":10,"column":5}},"line":5},"2":{"name":"(anonymous_2)","decl":{"start":{"line":11,"column":42},"end":{"line":11,"column":43}},"loc":{"start":{"line":11,"column":54},"end":{"line":13,"column":5}},"line":11}},"branchMap":{},"s":{"0":1,"1":1,"2":1,"3":3,"4":3,"5":3,"6":3,"7":1,"8":2,"9":1,"10":1},"f":{"0":1,"1":3,"2":2},"b":{},"inputSourceMap":{"version":3,"file":"/Users/waynedouglas/Source/repos/json-api-query/src/operators/dialect/LessThanOperator.ts","sources":["/Users/waynedouglas/Source/repos/json-api-query/src/operators/dialect/LessThanOperator.ts"],"names":[],"mappings":";;;AAGA;IAKI,0BAAmB,QAAgB,EAAS,KAAU;QAAnC,aAAQ,GAAR,QAAQ,CAAQ;QAAS,UAAK,GAAL,KAAK,CAAK;QAClD,IAAI,CAAC,SAAS,GAAG,QAAQ,CAAC;QAC1B,IAAI,CAAC,MAAM,GAAG,KAAK,CAAC;IACxB,CAAC;IAED,mCAAQ,GAAR;QACI,OAAO,mBAAY,IAAI,CAAC,SAAS,eAAK,IAAI,CAAC,MAAM,OAAI,CAAC;IAC1D,CAAC;IACL,uBAAC;AAAD,CAAC,AAbD,IAaC;AAbY,4CAAgB","sourcesContent":["import { IComparisonOperator } from \"../../IComparisonOperator\";\n\n\nexport class LessThanOperator implements IComparisonOperator {\n\n    _property: string;\n    _value: string;\n\n    constructor(public property: string, public value: any) {\n        this._property = property;\n        this._value = value;\n    }\n\n    toString(): string {\n        return `lessThan(${this._property},'${this._value}')`;\n    }\n}\n"]},"_coverageSchema":"1a1c01bbd47fc00a2c39e90264f33305004495a9","hash":"eea1dd83b57c7dfcda6521f2681716bef7012d9b"},"/Users/waynedouglas/Source/repos/json-api-query/src/operators/dialect/LessThanOrEqualOperator.ts":{"path":"/Users/waynedouglas/Source/repos/json-api-query/src/operators/dialect/LessThanOrEqualOperator.ts","statementMap":{"0":{"start":{"line":2,"column":0},"end":{"line":2,"column":62}},"1":{"start":{"line":3,"column":0},"end":{"line":3,"column":41}},"2":{"start":{"line":4,"column":31},"end":{"line":15,"column":3}},"3":{"start":{"line":6,"column":8},"end":{"line":6,"column":33}},"4":{"start":{"line":7,"column":8},"end":{"line":7,"column":27}},"5":{"start":{"line":8,"column":8},"end":{"line":8,"column":34}},"6":{"start":{"line":9,"column":8},"end":{"line":9,"column":28}},"7":{"start":{"line":11,"column":4},"end":{"line":13,"column":6}},"8":{"start":{"line":12,"column":8},"end":{"line":12,"column":85}},"9":{"start":{"line":14,"column":4},"end":{"line":14,"column":35}},"10":{"start":{"line":16,"column":0},"end":{"line":16,"column":58}}},"fnMap":{"0":{"name":"(anonymous_0)","decl":{"start":{"line":4,"column":31},"end":{"line":4,"column":32}},"loc":{"start":{"line":4,"column":43},"end":{"line":15,"column":1}},"line":4},"1":{"name":"LessThanOrEqualOperator","decl":{"start":{"line":5,"column":13},"end":{"line":5,"column":36}},"loc":{"start":{"line":5,"column":54},"end":{"line":10,"column":5}},"line":5},"2":{"name":"(anonymous_2)","decl":{"start":{"line":11,"column":49},"end":{"line":11,"column":50}},"loc":{"start":{"line":11,"column":61},"end":{"line":13,"column":5}},"line":11}},"branchMap":{},"s":{"0":1,"1":1,"2":1,"3":3,"4":3,"5":3,"6":3,"7":1,"8":2,"9":1,"10":1},"f":{"0":1,"1":3,"2":2},"b":{},"inputSourceMap":{"version":3,"file":"/Users/waynedouglas/Source/repos/json-api-query/src/operators/dialect/LessThanOrEqualOperator.ts","sources":["/Users/waynedouglas/Source/repos/json-api-query/src/operators/dialect/LessThanOrEqualOperator.ts"],"names":[],"mappings":";;;AAGA;IAKI,iCAAmB,QAAgB,EAAS,KAAU;QAAnC,aAAQ,GAAR,QAAQ,CAAQ;QAAS,UAAK,GAAL,KAAK,CAAK;QAClD,IAAI,CAAC,SAAS,GAAG,QAAQ,CAAC;QAC1B,IAAI,CAAC,MAAM,GAAG,KAAK,CAAC;IACxB,CAAC;IAED,0CAAQ,GAAR;QACI,OAAO,sBAAe,IAAI,CAAC,SAAS,eAAK,IAAI,CAAC,MAAM,OAAI,CAAC;IAC7D,CAAC;IACL,8BAAC;AAAD,CAAC,AAbD,IAaC;AAbY,0DAAuB","sourcesContent":["import { IComparisonOperator } from \"../../IComparisonOperator\";\n\n\nexport class LessThanOrEqualOperator implements IComparisonOperator {\n\n    _property: string;\n    _value: string;\n\n    constructor(public property: string, public value: any) {\n        this._property = property;\n        this._value = value;\n    }\n\n    toString(): string {\n        return `lessOrEqual(${this._property},'${this._value}')`;\n    }\n}\n"]},"_coverageSchema":"1a1c01bbd47fc00a2c39e90264f33305004495a9","hash":"c0a91bbb103be4247bb25f32e59def28fcfd4929"},"/Users/waynedouglas/Source/repos/json-api-query/src/operators/dialect/NotOperator.ts":{"path":"/Users/waynedouglas/Source/repos/json-api-query/src/operators/dialect/NotOperator.ts","statementMap":{"0":{"start":{"line":2,"column":0},"end":{"line":2,"column":62}},"1":{"start":{"line":3,"column":0},"end":{"line":3,"column":29}},"2":{"start":{"line":4,"column":19},"end":{"line":13,"column":3}},"3":{"start":{"line":6,"column":8},"end":{"line":6,"column":37}},"4":{"start":{"line":7,"column":8},"end":{"line":7,"column":38}},"5":{"start":{"line":9,"column":4},"end":{"line":11,"column":6}},"6":{"start":{"line":10,"column":8},"end":{"line":10,"column":63}},"7":{"start":{"line":12,"column":4},"end":{"line":12,"column":23}},"8":{"start":{"line":14,"column":0},"end":{"line":14,"column":34}}},"fnMap":{"0":{"name":"(anonymous_0)","decl":{"start":{"line":4,"column":19},"end":{"line":4,"column":20}},"loc":{"start":{"line":4,"column":31},"end":{"line":13,"column":1}},"line":4},"1":{"name":"NotOperator","decl":{"start":{"line":5,"column":13},"end":{"line":5,"column":24}},"loc":{"start":{"line":5,"column":37},"end":{"line":8,"column":5}},"line":5},"2":{"name":"(anonymous_2)","decl":{"start":{"line":9,"column":37},"end":{"line":9,"column":38}},"loc":{"start":{"line":9,"column":49},"end":{"line":11,"column":5}},"line":9}},"branchMap":{},"s":{"0":1,"1":1,"2":1,"3":6,"4":6,"5":1,"6":5,"7":1,"8":1},"f":{"0":1,"1":6,"2":5},"b":{},"inputSourceMap":{"version":3,"file":"/Users/waynedouglas/Source/repos/json-api-query/src/operators/dialect/NotOperator.ts","sources":["/Users/waynedouglas/Source/repos/json-api-query/src/operators/dialect/NotOperator.ts"],"names":[],"mappings":";;;AAGA;IAII,qBAAmB,UAA+B;QAA/B,eAAU,GAAV,UAAU,CAAqB;QAC9C,IAAI,CAAC,WAAW,GAAG,UAAU,CAAC;IAClC,CAAC;IAED,8BAAQ,GAAR;QACI,OAAO,cAAO,IAAI,CAAC,WAAW,CAAC,QAAQ,EAAE,MAAG,CAAC;IACjD,CAAC;IACL,kBAAC;AAAD,CAAC,AAXD,IAWC;AAXY,kCAAW","sourcesContent":["import { IComparisonOperator } from \"../../IComparisonOperator\";\n\n\nexport class NotOperator implements IComparisonOperator {\n\n    _comparison: IComparisonOperator;\n\n    constructor(public comparison: IComparisonOperator) {\n        this._comparison = comparison;\n    }\n\n    toString(): string {\n        return `not(${this._comparison.toString()})`;\n    }\n}\n"]},"_coverageSchema":"1a1c01bbd47fc00a2c39e90264f33305004495a9","hash":"3ea1ac88cd7ab6f9d4cde4ecabbc5de3a97bf985"},"/Users/waynedouglas/Source/repos/json-api-query/src/operators/dialect/OrOperator.ts":{"path":"/Users/waynedouglas/Source/repos/json-api-query/src/operators/dialect/OrOperator.ts","statementMap":{"0":{"start":{"line":2,"column":0},"end":{"line":2,"column":62}},"1":{"start":{"line":3,"column":0},"end":{"line":3,"column":28}},"2":{"start":{"line":4,"column":18},"end":{"line":21,"column":3}},"3":{"start":{"line":6,"column":21},"end":{"line":6,"column":23}},"4":{"start":{"line":7,"column":8},"end":{"line":9,"column":9}},"5":{"start":{"line":7,"column":22},"end":{"line":7,"column":23}},"6":{"start":{"line":8,"column":12},"end":{"line":8,"column":39}},"7":{"start":{"line":10,"column":8},"end":{"line":10,"column":29}},"8":{"start":{"line":11,"column":8},"end":{"line":11,"column":33}},"9":{"start":{"line":13,"column":4},"end":{"line":19,"column":6}},"10":{"start":{"line":14,"column":8},"end":{"line":16,"column":9}},"11":{"start":{"line":15,"column":12},"end":{"line":15,"column":87}},"12":{"start":{"line":17,"column":20},"end":{"line":17,"column":88}},"13":{"start":{"line":17,"column":55},"end":{"line":17,"column":75}},"14":{"start":{"line":18,"column":8},"end":{"line":18,"column":40}},"15":{"start":{"line":20,"column":4},"end":{"line":20,"column":22}},"16":{"start":{"line":22,"column":0},"end":{"line":22,"column":32}}},"fnMap":{"0":{"name":"(anonymous_0)","decl":{"start":{"line":4,"column":18},"end":{"line":4,"column":19}},"loc":{"start":{"line":4,"column":30},"end":{"line":21,"column":1}},"line":4},"1":{"name":"OrOperator","decl":{"start":{"line":5,"column":13},"end":{"line":5,"column":23}},"loc":{"start":{"line":5,"column":26},"end":{"line":12,"column":5}},"line":5},"2":{"name":"(anonymous_2)","decl":{"start":{"line":13,"column":36},"end":{"line":13,"column":37}},"loc":{"start":{"line":13,"column":48},"end":{"line":19,"column":5}},"line":13},"3":{"name":"(anonymous_3)","decl":{"start":{"line":17,"column":40},"end":{"line":17,"column":41}},"loc":{"start":{"line":17,"column":53},"end":{"line":17,"column":77}},"line":17}},"branchMap":{"0":{"loc":{"start":{"line":14,"column":8},"end":{"line":16,"column":9}},"type":"if","locations":[{"start":{"line":14,"column":8},"end":{"line":16,"column":9}},{"start":{"line":14,"column":8},"end":{"line":16,"column":9}}],"line":14}},"s":{"0":1,"1":1,"2":1,"3":4,"4":4,"5":4,"6":9,"7":4,"8":4,"9":1,"10":4,"11":0,"12":4,"13":9,"14":4,"15":1,"16":1},"f":{"0":1,"1":4,"2":4,"3":9},"b":{"0":[0,4]},"inputSourceMap":{"version":3,"file":"/Users/waynedouglas/Source/repos/json-api-query/src/operators/dialect/OrOperator.ts","sources":["/Users/waynedouglas/Source/repos/json-api-query/src/operators/dialect/OrOperator.ts"],"names":[],"mappings":";;;AAGA;IAGI;QAAY,gBAAqC;aAArC,UAAqC,EAArC,qBAAqC,EAArC,IAAqC;YAArC,2BAAqC;;QAFjD,eAAU,GAA+B,EAAE,CAAC;QAGxC,IAAI,CAAC,UAAU,GAAG,MAAM,CAAC;IAC7B,CAAC;IACD,6BAAQ,GAAR;QACI,IAAI,IAAI,CAAC,UAAU,CAAC,MAAM,GAAG,CAAC,EAAE;YAC5B,MAAM,IAAI,KAAK,CAAC,yDAAyD,CAAC,CAAC;SAC9E;QAED,IAAI,KAAK,GAAG,IAAI,CAAC,UAAU,CAAC,GAAG,CAAC,UAAA,CAAC,IAAI,OAAA,CAAC,CAAC,QAAQ,EAAE,EAAZ,CAAY,CAAC,CAAC,IAAI,CAAC,GAAG,CAAC,CAAC;QAC7D,OAAO,aAAM,KAAK,MAAG,CAAC;IAC1B,CAAC;IACL,iBAAC;AAAD,CAAC,AAdD,IAcC;AAdY,gCAAU","sourcesContent":["import { IComparisonOperator } from \"../../IComparisonOperator\";\nimport { IBooleanOperator } from \"../../IBooleanOperator\";\n\nexport class OrOperator implements IBooleanOperator {\n    _operators: Array<IComparisonOperator> = [];\n\n    constructor(...params: Array<IComparisonOperator>) {\n        this._operators = params;\n    }\n    toString(): string {\n        if (this._operators.length < 2) {\n            throw new Error(\"Cannot use OrOperator with a single comparison operator\");\n        }\n\n        let final = this._operators.map(x => x.toString()).join(',');\n        return `or(${final})`;\n    }\n}\n\n\n"]},"_coverageSchema":"1a1c01bbd47fc00a2c39e90264f33305004495a9","hash":"db995cbdda0347ee36376b614a53af8780f60735"},"/Users/waynedouglas/Source/repos/json-api-query/src/operators/dialect/StartsWithOperator.ts":{"path":"/Users/waynedouglas/Source/repos/json-api-query/src/operators/dialect/StartsWithOperator.ts","statementMap":{"0":{"start":{"line":2,"column":0},"end":{"line":2,"column":62}},"1":{"start":{"line":3,"column":0},"end":{"line":3,"column":36}},"2":{"start":{"line":4,"column":26},"end":{"line":15,"column":3}},"3":{"start":{"line":6,"column":8},"end":{"line":6,"column":33}},"4":{"start":{"line":7,"column":8},"end":{"line":7,"column":27}},"5":{"start":{"line":8,"column":8},"end":{"line":8,"column":34}},"6":{"start":{"line":9,"column":8},"end":{"line":9,"column":28}},"7":{"start":{"line":11,"column":4},"end":{"line":13,"column":6}},"8":{"start":{"line":12,"column":8},"end":{"line":12,"column":84}},"9":{"start":{"line":14,"column":4},"end":{"line":14,"column":30}},"10":{"start":{"line":16,"column":0},"end":{"line":16,"column":48}}},"fnMap":{"0":{"name":"(anonymous_0)","decl":{"start":{"line":4,"column":26},"end":{"line":4,"column":27}},"loc":{"start":{"line":4,"column":38},"end":{"line":15,"column":1}},"line":4},"1":{"name":"StartsWithOperator","decl":{"start":{"line":5,"column":13},"end":{"line":5,"column":31}},"loc":{"start":{"line":5,"column":49},"end":{"line":10,"column":5}},"line":5},"2":{"name":"(anonymous_2)","decl":{"start":{"line":11,"column":44},"end":{"line":11,"column":45}},"loc":{"start":{"line":11,"column":56},"end":{"line":13,"column":5}},"line":11}},"branchMap":{},"s":{"0":1,"1":1,"2":1,"3":3,"4":3,"5":3,"6":3,"7":1,"8":2,"9":1,"10":1},"f":{"0":1,"1":3,"2":2},"b":{},"inputSourceMap":{"version":3,"file":"/Users/waynedouglas/Source/repos/json-api-query/src/operators/dialect/StartsWithOperator.ts","sources":["/Users/waynedouglas/Source/repos/json-api-query/src/operators/dialect/StartsWithOperator.ts"],"names":[],"mappings":";;;AAGA;IAKI,4BAAmB,QAAgB,EAAS,KAAa;QAAtC,aAAQ,GAAR,QAAQ,CAAQ;QAAS,UAAK,GAAL,KAAK,CAAQ;QACrD,IAAI,CAAC,SAAS,GAAG,QAAQ,CAAC;QAC1B,IAAI,CAAC,MAAM,GAAG,KAAK,CAAC;IACxB,CAAC;IAED,qCAAQ,GAAR;QACI,OAAO,qBAAc,IAAI,CAAC,SAAS,eAAK,IAAI,CAAC,MAAM,OAAI,CAAC;IAC5D,CAAC;IACL,yBAAC;AAAD,CAAC,AAbD,IAaC;AAbY,gDAAkB","sourcesContent":["import { IComparisonOperator } from \"../../IComparisonOperator\";\n\n\nexport class StartsWithOperator implements IComparisonOperator {\n\n    _property: string;\n    _value: string;\n\n    constructor(public property: string, public value: string) {\n        this._property = property;\n        this._value = value;\n    }\n\n    toString(): string {\n        return `startsWith(${this._property},'${this._value}')`;\n    }\n}\n"]},"_coverageSchema":"1a1c01bbd47fc00a2c39e90264f33305004495a9","hash":"1d4b45336030ca3f8d488b05d843cd55cd16c5ab"},"/Users/waynedouglas/Source/repos/json-api-query/src/QueryBuilder.ts":{"path":"/Users/waynedouglas/Source/repos/json-api-query/src/QueryBuilder.ts","statementMap":{"0":{"start":{"line":2,"column":20},"end":{"line":10,"column":1}},"1":{"start":{"line":3,"column":4},"end":{"line":8,"column":5}},"2":{"start":{"line":3,"column":40},"end":{"line":8,"column":5}},"3":{"start":{"line":3,"column":53},"end":{"line":3,"column":54}},"4":{"start":{"line":3,"column":60},"end":{"line":3,"column":71}},"5":{"start":{"line":4,"column":8},"end":{"line":7,"column":9}},"6":{"start":{"line":5,"column":12},"end":{"line":5,"column":65}},"7":{"start":{"line":5,"column":21},"end":{"line":5,"column":65}},"8":{"start":{"line":6,"column":12},"end":{"line":6,"column":28}},"9":{"start":{"line":9,"column":4},"end":{"line":9,"column":61}},"10":{"start":{"line":11,"column":0},"end":{"line":11,"column":62}},"11":{"start":{"line":12,"column":0},"end":{"line":12,"column":30}},"12":{"start":{"line":13,"column":16},"end":{"line":13,"column":46}},"13":{"start":{"line":14,"column":24},"end":{"line":14,"column":52}},"14":{"start":{"line":15,"column":23},"end":{"line":15,"column":50}},"15":{"start":{"line":16,"column":20},"end":{"line":16,"column":44}},"16":{"start":{"line":17,"column":14},"end":{"line":17,"column":32}},"17":{"start":{"line":18,"column":18},"end":{"line":18,"column":40}},"18":{"start":{"line":19,"column":20},"end":{"line":275,"column":3}},"19":{"start":{"line":21,"column":8},"end":{"line":21,"column":71}},"20":{"start":{"line":21,"column":44},"end":{"line":21,"column":69}},"21":{"start":{"line":22,"column":8},"end":{"line":22,"column":45}},"22":{"start":{"line":22,"column":32},"end":{"line":22,"column":43}},"23":{"start":{"line":23,"column":8},"end":{"line":23,"column":51}},"24":{"start":{"line":24,"column":8},"end":{"line":24,"column":27}},"25":{"start":{"line":25,"column":8},"end":{"line":25,"column":29}},"26":{"start":{"line":26,"column":8},"end":{"line":26,"column":25}},"27":{"start":{"line":27,"column":8},"end":{"line":27,"column":30}},"28":{"start":{"line":28,"column":8},"end":{"line":28,"column":28}},"29":{"start":{"line":29,"column":8},"end":{"line":29,"column":27}},"30":{"start":{"line":30,"column":8},"end":{"line":30,"column":28}},"31":{"start":{"line":31,"column":8},"end":{"line":31,"column":39}},"32":{"start":{"line":32,"column":8},"end":{"line":32,"column":38}},"33":{"start":{"line":33,"column":8},"end":{"line":33,"column":52}},"34":{"start":{"line":34,"column":8},"end":{"line":34,"column":28}},"35":{"start":{"line":36,"column":4},"end":{"line":39,"column":6}},"36":{"start":{"line":37,"column":8},"end":{"line":37,"column":36}},"37":{"start":{"line":38,"column":8},"end":{"line":38,"column":20}},"38":{"start":{"line":40,"column":4},"end":{"line":42,"column":6}},"39":{"start":{"line":41,"column":8},"end":{"line":41,"column":39}},"40":{"start":{"line":43,"column":4},"end":{"line":46,"column":6}},"41":{"start":{"line":44,"column":25},"end":{"line":44,"column":53}},"42":{"start":{"line":45,"column":8},"end":{"line":45,"column":32}},"43":{"start":{"line":47,"column":4},"end":{"line":58,"column":6}},"44":{"start":{"line":48,"column":21},"end":{"line":48,"column":51}},"45":{"start":{"line":49,"column":8},"end":{"line":56,"column":9}},"46":{"start":{"line":50,"column":12},"end":{"line":55,"column":13}},"47":{"start":{"line":51,"column":16},"end":{"line":51,"column":86}},"48":{"start":{"line":54,"column":16},"end":{"line":54,"column":68}},"49":{"start":{"line":57,"column":8},"end":{"line":57,"column":22}},"50":{"start":{"line":59,"column":4},"end":{"line":73,"column":6}},"51":{"start":{"line":60,"column":8},"end":{"line":72,"column":9}},"52":{"start":{"line":61,"column":12},"end":{"line":71,"column":13}},"53":{"start":{"line":62,"column":16},"end":{"line":67,"column":17}},"54":{"start":{"line":63,"column":20},"end":{"line":63,"column":90}},"55":{"start":{"line":66,"column":20},"end":{"line":66,"column":100}},"56":{"start":{"line":70,"column":16},"end":{"line":70,"column":81}},"57":{"start":{"line":74,"column":4},"end":{"line":85,"column":6}},"58":{"start":{"line":75,"column":21},"end":{"line":75,"column":23}},"59":{"start":{"line":76,"column":8},"end":{"line":83,"column":9}},"60":{"start":{"line":77,"column":12},"end":{"line":82,"column":13}},"61":{"start":{"line":78,"column":16},"end":{"line":78,"column":33}},"62":{"start":{"line":81,"column":16},"end":{"line":81,"column":73}},"63":{"start":{"line":84,"column":8},"end":{"line":84,"column":22}},"64":{"start":{"line":86,"column":4},"end":{"line":95,"column":6}},"65":{"start":{"line":87,"column":8},"end":{"line":94,"column":9}},"66":{"start":{"line":88,"column":12},"end":{"line":93,"column":13}},"67":{"start":{"line":89,"column":16},"end":{"line":89,"column":46}},"68":{"start":{"line":92,"column":16},"end":{"line":92,"column":86}},"69":{"start":{"line":96,"column":4},"end":{"line":107,"column":6}},"70":{"start":{"line":97,"column":21},"end":{"line":97,"column":69}},"71":{"start":{"line":98,"column":8},"end":{"line":105,"column":9}},"72":{"start":{"line":99,"column":12},"end":{"line":104,"column":13}},"73":{"start":{"line":100,"column":16},"end":{"line":100,"column":76}},"74":{"start":{"line":103,"column":16},"end":{"line":103,"column":77}},"75":{"start":{"line":106,"column":8},"end":{"line":106,"column":22}},"76":{"start":{"line":108,"column":4},"end":{"line":117,"column":6}},"77":{"start":{"line":109,"column":8},"end":{"line":116,"column":9}},"78":{"start":{"line":110,"column":12},"end":{"line":115,"column":13}},"79":{"start":{"line":111,"column":16},"end":{"line":111,"column":76}},"80":{"start":{"line":114,"column":16},"end":{"line":114,"column":92}},"81":{"start":{"line":118,"column":4},"end":{"line":154,"column":6}},"82":{"start":{"line":119,"column":20},"end":{"line":119,"column":24}},"83":{"start":{"line":120,"column":24},"end":{"line":120,"column":26}},"84":{"start":{"line":121,"column":8},"end":{"line":152,"column":9}},"85":{"start":{"line":122,"column":12},"end":{"line":130,"column":28}},"86":{"start":{"line":124,"column":16},"end":{"line":128,"column":17}},"87":{"start":{"line":125,"column":20},"end":{"line":127,"column":21}},"88":{"start":{"line":126,"column":24},"end":{"line":126,"column":92}},"89":{"start":{"line":129,"column":16},"end":{"line":129,"column":51}},"90":{"start":{"line":133,"column":12},"end":{"line":151,"column":13}},"91":{"start":{"line":134,"column":16},"end":{"line":135,"column":29}},"92":{"start":{"line":135,"column":20},"end":{"line":135,"column":29}},"93":{"start":{"line":136,"column":16},"end":{"line":149,"column":17}},"94":{"start":{"line":137,"column":20},"end":{"line":148,"column":21}},"95":{"start":{"line":139,"column":25},"end":{"line":148,"column":21}},"96":{"start":{"line":140,"column":34},"end":{"line":140,"column":61}},"97":{"start":{"line":141,"column":24},"end":{"line":141,"column":56}},"98":{"start":{"line":142,"column":24},"end":{"line":142,"column":59}},"99":{"start":{"line":143,"column":24},"end":{"line":143,"column":33}},"100":{"start":{"line":146,"column":24},"end":{"line":146,"column":86}},"101":{"start":{"line":147,"column":24},"end":{"line":147,"column":33}},"102":{"start":{"line":150,"column":16},"end":{"line":150,"column":66}},"103":{"start":{"line":153,"column":8},"end":{"line":153,"column":25}},"104":{"start":{"line":155,"column":4},"end":{"line":196,"column":6}},"105":{"start":{"line":156,"column":20},"end":{"line":156,"column":24}},"106":{"start":{"line":157,"column":29},"end":{"line":157,"column":37}},"107":{"start":{"line":158,"column":8},"end":{"line":160,"column":9}},"108":{"start":{"line":159,"column":12},"end":{"line":159,"column":69}},"109":{"start":{"line":161,"column":8},"end":{"line":163,"column":9}},"110":{"start":{"line":162,"column":12},"end":{"line":162,"column":66}},"111":{"start":{"line":164,"column":8},"end":{"line":166,"column":9}},"112":{"start":{"line":165,"column":12},"end":{"line":165,"column":71}},"113":{"start":{"line":167,"column":8},"end":{"line":169,"column":9}},"114":{"start":{"line":168,"column":12},"end":{"line":168,"column":71}},"115":{"start":{"line":170,"column":8},"end":{"line":172,"column":9}},"116":{"start":{"line":171,"column":12},"end":{"line":171,"column":74}},"117":{"start":{"line":173,"column":8},"end":{"line":175,"column":9}},"118":{"start":{"line":174,"column":12},"end":{"line":174,"column":81}},"119":{"start":{"line":176,"column":8},"end":{"line":178,"column":9}},"120":{"start":{"line":177,"column":12},"end":{"line":177,"column":71}},"121":{"start":{"line":179,"column":8},"end":{"line":181,"column":9}},"122":{"start":{"line":180,"column":12},"end":{"line":180,"column":78}},"123":{"start":{"line":182,"column":8},"end":{"line":184,"column":9}},"124":{"start":{"line":183,"column":12},"end":{"line":183,"column":66}},"125":{"start":{"line":185,"column":8},"end":{"line":187,"column":9}},"126":{"start":{"line":186,"column":12},"end":{"line":186,"column":78}},"127":{"start":{"line":188,"column":8},"end":{"line":190,"column":9}},"128":{"start":{"line":189,"column":12},"end":{"line":189,"column":73}},"129":{"start":{"line":191,"column":8},"end":{"line":194,"column":9}},"130":{"start":{"line":192,"column":22},"end":{"line":192,"column":86}},"131":{"start":{"line":192,"column":50},"end":{"line":192,"column":83}},"132":{"start":{"line":193,"column":12},"end":{"line":193,"column":118}},"133":{"start":{"line":195,"column":8},"end":{"line":195,"column":20}},"134":{"start":{"line":197,"column":4},"end":{"line":273,"column":6}},"135":{"start":{"line":199,"column":20},"end":{"line":199,"column":24}},"136":{"start":{"line":200,"column":8},"end":{"line":200,"column":45}},"137":{"start":{"line":200,"column":32},"end":{"line":200,"column":43}},"138":{"start":{"line":201,"column":8},"end":{"line":203,"column":9}},"139":{"start":{"line":202,"column":12},"end":{"line":202,"column":79}},"140":{"start":{"line":204,"column":8},"end":{"line":206,"column":9}},"141":{"start":{"line":205,"column":12},"end":{"line":205,"column":98}},"142":{"start":{"line":207,"column":8},"end":{"line":209,"column":9}},"143":{"start":{"line":208,"column":12},"end":{"line":208,"column":92}},"144":{"start":{"line":210,"column":8},"end":{"line":212,"column":9}},"145":{"start":{"line":211,"column":12},"end":{"line":211,"column":67}},"146":{"start":{"line":213,"column":8},"end":{"line":218,"column":9}},"147":{"start":{"line":214,"column":12},"end":{"line":216,"column":13}},"148":{"start":{"line":215,"column":16},"end":{"line":215,"column":36}},"149":{"start":{"line":217,"column":12},"end":{"line":217,"column":57}},"150":{"start":{"line":219,"column":8},"end":{"line":224,"column":9}},"151":{"start":{"line":220,"column":12},"end":{"line":222,"column":13}},"152":{"start":{"line":221,"column":16},"end":{"line":221,"column":36}},"153":{"start":{"line":223,"column":12},"end":{"line":223,"column":61}},"154":{"start":{"line":226,"column":23},"end":{"line":226,"column":25}},"155":{"start":{"line":227,"column":20},"end":{"line":227,"column":22}},"156":{"start":{"line":228,"column":39},"end":{"line":228,"column":47}},"157":{"start":{"line":229,"column":8},"end":{"line":231,"column":9}},"158":{"start":{"line":230,"column":12},"end":{"line":230,"column":74}},"159":{"start":{"line":232,"column":8},"end":{"line":232,"column":137}},"160":{"start":{"line":232,"column":54},"end":{"line":232,"column":123}},"161":{"start":{"line":233,"column":8},"end":{"line":235,"column":9}},"162":{"start":{"line":234,"column":12},"end":{"line":234,"column":61}},"163":{"start":{"line":236,"column":8},"end":{"line":238,"column":9}},"164":{"start":{"line":237,"column":12},"end":{"line":237,"column":116}},"165":{"start":{"line":239,"column":8},"end":{"line":241,"column":9}},"166":{"start":{"line":240,"column":12},"end":{"line":240,"column":61}},"167":{"start":{"line":242,"column":8},"end":{"line":244,"column":9}},"168":{"start":{"line":243,"column":12},"end":{"line":243,"column":88}},"169":{"start":{"line":245,"column":8},"end":{"line":247,"column":9}},"170":{"start":{"line":246,"column":12},"end":{"line":246,"column":88}},"171":{"start":{"line":248,"column":8},"end":{"line":250,"column":9}},"172":{"start":{"line":249,"column":12},"end":{"line":249,"column":82}},"173":{"start":{"line":251,"column":8},"end":{"line":253,"column":9}},"174":{"start":{"line":252,"column":12},"end":{"line":252,"column":118}},"175":{"start":{"line":254,"column":8},"end":{"line":260,"column":9}},"176":{"start":{"line":255,"column":12},"end":{"line":259,"column":111}},"177":{"start":{"line":261,"column":8},"end":{"line":271,"column":9}},"178":{"start":{"line":262,"column":12},"end":{"line":270,"column":15}},"179":{"start":{"line":263,"column":35},"end":{"line":263,"column":52}},"180":{"start":{"line":264,"column":16},"end":{"line":269,"column":17}},"181":{"start":{"line":265,"column":20},"end":{"line":265,"column":105}},"182":{"start":{"line":268,"column":20},"end":{"line":268,"column":41}},"183":{"start":{"line":272,"column":8},"end":{"line":272,"column":21}},"184":{"start":{"line":274,"column":4},"end":{"line":274,"column":24}},"185":{"start":{"line":276,"column":0},"end":{"line":276,"column":36}}},"fnMap":{"0":{"name":"(anonymous_0)","decl":{"start":{"line":2,"column":52},"end":{"line":2,"column":53}},"loc":{"start":{"line":2,"column":78},"end":{"line":10,"column":1}},"line":2},"1":{"name":"(anonymous_1)","decl":{"start":{"line":19,"column":20},"end":{"line":19,"column":21}},"loc":{"start":{"line":19,"column":32},"end":{"line":275,"column":1}},"line":19},"2":{"name":"QueryBuilder","decl":{"start":{"line":20,"column":13},"end":{"line":20,"column":25}},"loc":{"start":{"line":20,"column":52},"end":{"line":35,"column":5}},"line":20},"3":{"name":"(anonymous_3)","decl":{"start":{"line":36,"column":34},"end":{"line":36,"column":35}},"loc":{"start":{"line":36,"column":53},"end":{"line":39,"column":5}},"line":36},"4":{"name":"(anonymous_4)","decl":{"start":{"line":40,"column":48},"end":{"line":40,"column":49}},"loc":{"start":{"line":40,"column":65},"end":{"line":42,"column":5}},"line":40},"5":{"name":"(anonymous_5)","decl":{"start":{"line":43,"column":38},"end":{"line":43,"column":39}},"loc":{"start":{"line":43,"column":65},"end":{"line":46,"column":5}},"line":43},"6":{"name":"(anonymous_6)","decl":{"start":{"line":47,"column":40},"end":{"line":47,"column":41}},"loc":{"start":{"line":47,"column":59},"end":{"line":58,"column":5}},"line":47},"7":{"name":"(anonymous_7)","decl":{"start":{"line":59,"column":49},"end":{"line":59,"column":50}},"loc":{"start":{"line":59,"column":82},"end":{"line":73,"column":5}},"line":59},"8":{"name":"(anonymous_8)","decl":{"start":{"line":74,"column":43},"end":{"line":74,"column":44}},"loc":{"start":{"line":74,"column":64},"end":{"line":85,"column":5}},"line":74},"9":{"name":"(anonymous_9)","decl":{"start":{"line":86,"column":52},"end":{"line":86,"column":53}},"loc":{"start":{"line":86,"column":87},"end":{"line":95,"column":5}},"line":86},"10":{"name":"(anonymous_10)","decl":{"start":{"line":96,"column":50},"end":{"line":96,"column":51}},"loc":{"start":{"line":96,"column":69},"end":{"line":107,"column":5}},"line":96},"11":{"name":"(anonymous_11)","decl":{"start":{"line":108,"column":58},"end":{"line":108,"column":59}},"loc":{"start":{"line":108,"column":93},"end":{"line":117,"column":5}},"line":108},"12":{"name":"(anonymous_12)","decl":{"start":{"line":118,"column":40},"end":{"line":118,"column":41}},"loc":{"start":{"line":118,"column":57},"end":{"line":154,"column":5}},"line":118},"13":{"name":"(anonymous_13)","decl":{"start":{"line":123,"column":21},"end":{"line":123,"column":22}},"loc":{"start":{"line":123,"column":42},"end":{"line":130,"column":13}},"line":123},"14":{"name":"(anonymous_14)","decl":{"start":{"line":155,"column":41},"end":{"line":155,"column":42}},"loc":{"start":{"line":155,"column":60},"end":{"line":196,"column":5}},"line":155},"15":{"name":"(anonymous_15)","decl":{"start":{"line":192,"column":35},"end":{"line":192,"column":36}},"loc":{"start":{"line":192,"column":48},"end":{"line":192,"column":85}},"line":192},"16":{"name":"(anonymous_16)","decl":{"start":{"line":197,"column":38},"end":{"line":197,"column":39}},"loc":{"start":{"line":197,"column":55},"end":{"line":273,"column":5}},"line":197},"17":{"name":"(anonymous_17)","decl":{"start":{"line":232,"column":39},"end":{"line":232,"column":40}},"loc":{"start":{"line":232,"column":52},"end":{"line":232,"column":125}},"line":232},"18":{"name":"(anonymous_18)","decl":{"start":{"line":262,"column":45},"end":{"line":262,"column":46}},"loc":{"start":{"line":262,"column":58},"end":{"line":270,"column":13}},"line":262}},"branchMap":{"0":{"loc":{"start":{"line":2,"column":20},"end":{"line":10,"column":1}},"type":"binary-expr","locations":[{"start":{"line":2,"column":21},"end":{"line":2,"column":25}},{"start":{"line":2,"column":29},"end":{"line":2,"column":47}},{"start":{"line":2,"column":52},"end":{"line":10,"column":1}}],"line":2},"1":{"loc":{"start":{"line":3,"column":4},"end":{"line":8,"column":5}},"type":"if","locations":[{"start":{"line":3,"column":4},"end":{"line":8,"column":5}},{"start":{"line":3,"column":4},"end":{"line":8,"column":5}}],"line":3},"2":{"loc":{"start":{"line":3,"column":8},"end":{"line":3,"column":38}},"type":"binary-expr","locations":[{"start":{"line":3,"column":8},"end":{"line":3,"column":12}},{"start":{"line":3,"column":16},"end":{"line":3,"column":38}}],"line":3},"3":{"loc":{"start":{"line":4,"column":8},"end":{"line":7,"column":9}},"type":"if","locations":[{"start":{"line":4,"column":8},"end":{"line":7,"column":9}},{"start":{"line":4,"column":8},"end":{"line":7,"column":9}}],"line":4},"4":{"loc":{"start":{"line":4,"column":12},"end":{"line":4,"column":30}},"type":"binary-expr","locations":[{"start":{"line":4,"column":12},"end":{"line":4,"column":14}},{"start":{"line":4,"column":18},"end":{"line":4,"column":30}}],"line":4},"5":{"loc":{"start":{"line":5,"column":12},"end":{"line":5,"column":65}},"type":"if","locations":[{"start":{"line":5,"column":12},"end":{"line":5,"column":65}},{"start":{"line":5,"column":12},"end":{"line":5,"column":65}}],"line":5},"6":{"loc":{"start":{"line":9,"column":21},"end":{"line":9,"column":59}},"type":"binary-expr","locations":[{"start":{"line":9,"column":21},"end":{"line":9,"column":23}},{"start":{"line":9,"column":27},"end":{"line":9,"column":59}}],"line":9},"7":{"loc":{"start":{"line":21,"column":8},"end":{"line":21,"column":71}},"type":"if","locations":[{"start":{"line":21,"column":8},"end":{"line":21,"column":71}},{"start":{"line":21,"column":8},"end":{"line":21,"column":71}}],"line":21},"8":{"loc":{"start":{"line":22,"column":8},"end":{"line":22,"column":45}},"type":"if","locations":[{"start":{"line":22,"column":8},"end":{"line":22,"column":45}},{"start":{"line":22,"column":8},"end":{"line":22,"column":45}}],"line":22},"9":{"loc":{"start":{"line":41,"column":15},"end":{"line":41,"column":38}},"type":"binary-expr","locations":[{"start":{"line":41,"column":15},"end":{"line":41,"column":21}},{"start":{"line":41,"column":25},"end":{"line":41,"column":38}}],"line":41},"10":{"loc":{"start":{"line":50,"column":12},"end":{"line":55,"column":13}},"type":"if","locations":[{"start":{"line":50,"column":12},"end":{"line":55,"column":13}},{"start":{"line":50,"column":12},"end":{"line":55,"column":13}}],"line":50},"11":{"loc":{"start":{"line":61,"column":12},"end":{"line":71,"column":13}},"type":"if","locations":[{"start":{"line":61,"column":12},"end":{"line":71,"column":13}},{"start":{"line":61,"column":12},"end":{"line":71,"column":13}}],"line":61},"12":{"loc":{"start":{"line":61,"column":16},"end":{"line":61,"column":74}},"type":"binary-expr","locations":[{"start":{"line":61,"column":16},"end":{"line":61,"column":48}},{"start":{"line":61,"column":52},"end":{"line":61,"column":74}}],"line":61},"13":{"loc":{"start":{"line":62,"column":16},"end":{"line":67,"column":17}},"type":"if","locations":[{"start":{"line":62,"column":16},"end":{"line":67,"column":17}},{"start":{"line":62,"column":16},"end":{"line":67,"column":17}}],"line":62},"14":{"loc":{"start":{"line":77,"column":12},"end":{"line":82,"column":13}},"type":"if","locations":[{"start":{"line":77,"column":12},"end":{"line":82,"column":13}},{"start":{"line":77,"column":12},"end":{"line":82,"column":13}}],"line":77},"15":{"loc":{"start":{"line":77,"column":16},"end":{"line":77,"column":77}},"type":"binary-expr","locations":[{"start":{"line":77,"column":16},"end":{"line":77,"column":51}},{"start":{"line":77,"column":55},"end":{"line":77,"column":77}}],"line":77},"16":{"loc":{"start":{"line":88,"column":12},"end":{"line":93,"column":13}},"type":"if","locations":[{"start":{"line":88,"column":12},"end":{"line":93,"column":13}},{"start":{"line":88,"column":12},"end":{"line":93,"column":13}}],"line":88},"17":{"loc":{"start":{"line":99,"column":12},"end":{"line":104,"column":13}},"type":"if","locations":[{"start":{"line":99,"column":12},"end":{"line":104,"column":13}},{"start":{"line":99,"column":12},"end":{"line":104,"column":13}}],"line":99},"18":{"loc":{"start":{"line":99,"column":16},"end":{"line":99,"column":73}},"type":"binary-expr","locations":[{"start":{"line":99,"column":16},"end":{"line":99,"column":49}},{"start":{"line":99,"column":53},"end":{"line":99,"column":73}}],"line":99},"19":{"loc":{"start":{"line":110,"column":12},"end":{"line":115,"column":13}},"type":"if","locations":[{"start":{"line":110,"column":12},"end":{"line":115,"column":13}},{"start":{"line":110,"column":12},"end":{"line":115,"column":13}}],"line":110},"20":{"loc":{"start":{"line":121,"column":8},"end":{"line":152,"column":9}},"type":"if","locations":[{"start":{"line":121,"column":8},"end":{"line":152,"column":9}},{"start":{"line":121,"column":8},"end":{"line":152,"column":9}}],"line":121},"21":{"loc":{"start":{"line":125,"column":20},"end":{"line":127,"column":21}},"type":"if","locations":[{"start":{"line":125,"column":20},"end":{"line":127,"column":21}},{"start":{"line":125,"column":20},"end":{"line":127,"column":21}}],"line":125},"22":{"loc":{"start":{"line":125,"column":24},"end":{"line":125,"column":126}},"type":"binary-expr","locations":
[...]
tionsSelectProperty} from \"./FindOptionsSelectProperty\";\n\n/**\n * Select find options.\n */\nexport type FindOptionsSelect<Entity> = {\n    [P in keyof Entity]?: FindOptionsSelectProperty<NonNullable<Entity[P]>>\n}\n"]},"_coverageSchema":"1a1c01bbd47fc00a2c39e90264f33305004495a9","hash":"b8f8950cc1d798576826c36949d34f6091544d4a"},"/Users/waynedouglas/Source/repos/json-api-query/src/FindOneOptions.ts":{"path":"/Users/waynedouglas/Source/repos/json-api-query/src/FindOneOptions.ts","statementMap":{"0":{"start":{"line":2,"column":0},"end":{"line":2,"column":62}}},"fnMap":{},"branchMap":{},"s":{"0":1},"f":{},"b":{},"inputSourceMap":{"version":3,"file":"/Users/waynedouglas/Source/repos/json-api-query/src/FindOneOptions.ts","sources":["/Users/waynedouglas/Source/repos/json-api-query/src/FindOneOptions.ts"],"names":[],"mappings":"","sourcesContent":["import {FindOptionsWhere} from \"./FindOptionsWhere\";\nimport {FindOptionsSelect} from \"./FindOptionsSelect\";\nimport {FindOptionsRelations} from \"./FindOptionsRelations\";\nimport {FindOptionsOrder} from \"./FindOptionsOrder\";\n\n/**\n * Defines a special criteria to find specific entity.\n */\nexport interface FindOneOptions<Entity = any> {\n   \n    /**\n     * Specifies what columns should be retrieved.\n     */\n    fields?: FindOptionsSelect<Entity>\n\n    /**\n     * Simple condition that should be applied to match entities.\n     */\n    where?: FindOptionsWhere<Entity>[] | FindOptionsWhere<Entity>\n\n    /**\n     * Indicates what relations of entity should be loaded (simplified left join form).\n     */\n    relations?: FindOptionsRelations<Entity>\n\n\n    /**\n     * Order, in which entities should be ordered.\n     */\n    order?: FindOptionsOrder<Entity>\n\n\n}\n"]},"_coverageSchema":"1a1c01bbd47fc00a2c39e90264f33305004495a9","hash":"ca0d9589e031702eb213bddc77dcc210ce9c6242"},"/Users/waynedouglas/Source/repos/json-api-query/src/FindManyOptions.ts":{"path":"/Users/waynedouglas/Source/repos/json-api-query/src/FindManyOptions.ts","statementMap":{"0":{"start":{"line":2,"column":0},"end":{"line":2,"column":62}}},"fnMap":{},"branchMap":{},"s":{"0":1},"f":{},"b":{},"inputSourceMap":{"version":3,"file":"/Users/waynedouglas/Source/repos/json-api-query/src/FindManyOptions.ts","sources":["/Users/waynedouglas/Source/repos/json-api-query/src/FindManyOptions.ts"],"names":[],"mappings":"","sourcesContent":["import {FindOneOptions} from \"./FindOneOptions\";\n\n/**\n * Defines a special criteria to find specific entities.\n */\nexport interface FindManyOptions<Entity = any> extends FindOneOptions<Entity> {\n    /**\n     * Offset (paginated) where from entities should be taken.\n     */\n    size?: number\n\n    /**\n     * Limit (paginated) - max number of entities should be taken.\n     */\n    number?: number\n}\n"]},"_coverageSchema":"1a1c01bbd47fc00a2c39e90264f33305004495a9","hash":"1a5c1cde1b3d31decf8a4aa8bcf25962511315dc"},"/Users/waynedouglas/Source/repos/json-api-query/src/operators/GreaterThan.ts":{"path":"/Users/waynedouglas/Source/repos/json-api-query/src/operators/GreaterThan.ts","statementMap":{"0":{"start":{"line":2,"column":0},"end":{"line":2,"column":62}},"1":{"start":{"line":3,"column":0},"end":{"line":3,"column":29}},"2":{"start":{"line":4,"column":21},"end":{"line":4,"column":47}},"3":{"start":{"line":6,"column":4},"end":{"line":6,"column":65}},"4":{"start":{"line":8,"column":0},"end":{"line":8,"column":34}}},"fnMap":{"0":{"name":"GreaterThan","decl":{"start":{"line":5,"column":9},"end":{"line":5,"column":20}},"loc":{"start":{"line":5,"column":28},"end":{"line":7,"column":1}},"line":5}},"branchMap":{},"s":{"0":1,"1":1,"2":1,"3":2,"4":1},"f":{"0":2},"b":{},"inputSourceMap":{"version":3,"file":"/Users/waynedouglas/Source/repos/json-api-query/src/operators/GreaterThan.ts","sources":["/Users/waynedouglas/Source/repos/json-api-query/src/operators/GreaterThan.ts"],"names":[],"mappings":";;;AAIA,gDAA6C;AAE7C,SAAgB,WAAW,CAAI,KAA0B;IACrD,OAAO,IAAI,2BAAY,CAAC,aAAa,EAAE,KAAK,CAAC,CAAA;AACjD,CAAC;AAFD,kCAEC","sourcesContent":["/**\n * Find Options Operator.\n * Example: { someField: MoreThan(10) }\n */\nimport {FindOperator} from \"../FindOperator\";\n\nexport function GreaterThan<T>(value: T | FindOperator<T>): FindOperator<T> {\n    return new FindOperator(\"greaterThan\", value)\n}\n\n"]},"_coverageSchema":"1a1c01bbd47fc00a2c39e90264f33305004495a9","hash":"6deefe0ac30655a75995dce2cc1bfd49775d5bf1"},"/Users/waynedouglas/Source/repos/json-api-query/src/operators/Any.ts":{"path":"/Users/waynedouglas/Source/repos/json-api-query/src/operators/Any.ts","statementMap":{"0":{"start":{"line":2,"column":0},"end":{"line":2,"column":62}},"1":{"start":{"line":3,"column":0},"end":{"line":3,"column":21}},"2":{"start":{"line":4,"column":21},"end":{"line":4,"column":47}},"3":{"start":{"line":6,"column":4},"end":{"line":6,"column":69}},"4":{"start":{"line":8,"column":0},"end":{"line":8,"column":18}}},"fnMap":{"0":{"name":"Any","decl":{"start":{"line":5,"column":9},"end":{"line":5,"column":12}},"loc":{"start":{"line":5,"column":20},"end":{"line":7,"column":1}},"line":5}},"branchMap":{},"s":{"0":1,"1":1,"2":1,"3":1,"4":1},"f":{"0":1},"b":{},"inputSourceMap":{"version":3,"file":"/Users/waynedouglas/Source/repos/json-api-query/src/operators/Any.ts","sources":["/Users/waynedouglas/Source/repos/json-api-query/src/operators/Any.ts"],"names":[],"mappings":";;;AAAA,gDAA6C;AAE7C,SAAgB,GAAG,CAAI,KAA4B;IAC/C,OAAO,IAAI,2BAAY,CAAC,KAAK,EAAE,KAAY,EAAE,IAAI,EAAE,IAAI,CAAC,CAAA;AAC5D,CAAC;AAFD,kBAEC","sourcesContent":["import {FindOperator} from \"../FindOperator\";\n\nexport function Any<T>(value: T[] | FindOperator<T>): FindOperator<T> {\n    return new FindOperator(\"any\", value as any, true, true)\n}\n"]},"_coverageSchema":"1a1c01bbd47fc00a2c39e90264f33305004495a9","hash":"571bd0e5978931abc8e6e7f611ea741417874852"},"/Users/waynedouglas/Source/repos/json-api-query/src/operators/Contains.ts":{"path":"/Users/waynedouglas/Source/repos/json-api-query/src/operators/Contains.ts","statementMap":{"0":{"start":{"line":2,"column":0},"end":{"line":2,"column":62}},"1":{"start":{"line":3,"column":0},"end":{"line":3,"column":26}},"2":{"start":{"line":4,"column":21},"end":{"line":4,"column":47}},"3":{"start":{"line":6,"column":4},"end":{"line":6,"column":62}},"4":{"start":{"line":8,"column":0},"end":{"line":8,"column":28}}},"fnMap":{"0":{"name":"Contains","decl":{"start":{"line":5,"column":9},"end":{"line":5,"column":17}},"loc":{"start":{"line":5,"column":25},"end":{"line":7,"column":1}},"line":5}},"branchMap":{},"s":{"0":1,"1":1,"2":1,"3":1,"4":1},"f":{"0":1},"b":{},"inputSourceMap":{"version":3,"file":"/Users/waynedouglas/Source/repos/json-api-query/src/operators/Contains.ts","sources":["/Users/waynedouglas/Source/repos/json-api-query/src/operators/Contains.ts"],"names":[],"mappings":";;;AAAA,gDAA6C;AAE7C,SAAgB,QAAQ,CAAI,KAA0B;IAClD,OAAO,IAAI,2BAAY,CAAC,UAAU,EAAE,KAAK,CAAC,CAAA;AAC9C,CAAC;AAFD,4BAEC","sourcesContent":["import {FindOperator} from \"../FindOperator\";\n\nexport function Contains<T>(value: T | FindOperator<T>): FindOperator<T> {\n    return new FindOperator(\"contains\", value)\n}\n"]},"_coverageSchema":"1a1c01bbd47fc00a2c39e90264f33305004495a9","hash":"6dc1370b4f9d5841ca90fced72556eb9228b4d92"},"/Users/waynedouglas/Source/repos/json-api-query/src/operators/EndsWith.ts":{"path":"/Users/waynedouglas/Source/repos/json-api-query/src/operators/EndsWith.ts","statementMap":{"0":{"start":{"line":2,"column":0},"end":{"line":2,"column":62}},"1":{"start":{"line":3,"column":0},"end":{"line":3,"column":26}},"2":{"start":{"line":4,"column":21},"end":{"line":4,"column":47}},"3":{"start":{"line":6,"column":4},"end":{"line":6,"column":62}},"4":{"start":{"line":8,"column":0},"end":{"line":8,"column":28}}},"fnMap":{"0":{"name":"EndsWith","decl":{"start":{"line":5,"column":9},"end":{"line":5,"column":17}},"loc":{"start":{"line":5,"column":25},"end":{"line":7,"column":1}},"line":5}},"branchMap":{},"s":{"0":1,"1":1,"2":1,"3":1,"4":1},"f":{"0":1},"b":{},"inputSourceMap":{"version":3,"file":"/Users/waynedouglas/Source/repos/json-api-query/src/operators/EndsWith.ts","sources":["/Users/waynedouglas/Source/repos/json-api-query/src/operators/EndsWith.ts"],"names":[],"mappings":";;;AAAA,gDAA6C;AAE7C,SAAgB,QAAQ,CAAI,KAA0B;IAClD,OAAO,IAAI,2BAAY,CAAC,UAAU,EAAE,KAAK,CAAC,CAAA;AAC9C,CAAC;AAFD,4BAEC","sourcesContent":["import {FindOperator} from \"../FindOperator\";\n\nexport function EndsWith<T>(value: T | FindOperator<T>): FindOperator<T> {\n    return new FindOperator(\"endsWith\", value)\n}\n"]},"_coverageSchema":"1a1c01bbd47fc00a2c39e90264f33305004495a9","hash":"dc4c9ed9425ba03eaaaa171fb39204542baebb45"},"/Users/waynedouglas/Source/repos/json-api-query/src/operators/Has.ts":{"path":"/Users/waynedouglas/Source/repos/json-api-query/src/operators/Has.ts","statementMap":{"0":{"start":{"line":2,"column":0},"end":{"line":2,"column":62}},"1":{"start":{"line":3,"column":0},"end":{"line":3,"column":21}},"2":{"start":{"line":4,"column":21},"end":{"line":4,"column":47}},"3":{"start":{"line":6,"column":4},"end":{"line":6,"column":69}},"4":{"start":{"line":8,"column":0},"end":{"line":8,"column":18}}},"fnMap":{"0":{"name":"Has","decl":{"start":{"line":5,"column":9},"end":{"line":5,"column":12}},"loc":{"start":{"line":5,"column":20},"end":{"line":7,"column":1}},"line":5}},"branchMap":{},"s":{"0":1,"1":1,"2":1,"3":3,"4":1},"f":{"0":3},"b":{},"inputSourceMap":{"version":3,"file":"/Users/waynedouglas/Source/repos/json-api-query/src/operators/Has.ts","sources":["/Users/waynedouglas/Source/repos/json-api-query/src/operators/Has.ts"],"names":[],"mappings":";;;AAAA,gDAA6C;AAE7C,SAAgB,GAAG,CAAI,KAA4B;IAC/C,OAAO,IAAI,2BAAY,CAAC,KAAK,EAAE,KAAY,EAAE,IAAI,EAAE,IAAI,CAAC,CAAA;AAC5D,CAAC;AAFD,kBAEC","sourcesContent":["import {FindOperator} from \"../FindOperator\";\n\nexport function Has<T>(value: T[] | FindOperator<T>): FindOperator<T> {\n    return new FindOperator(\"has\", value as any, true, true)\n}\n"]},"_coverageSchema":"1a1c01bbd47fc00a2c39e90264f33305004495a9","hash":"839a9de64c25940f7dc926793093ff1d7795d3a5"},"/Users/waynedouglas/Source/repos/json-api-query/src/operators/StartsWith.ts":{"path":"/Users/waynedouglas/Source/repos/json-api-query/src/operators/StartsWith.ts","statementMap":{"0":{"start":{"line":2,"column":0},"end":{"line":2,"column":62}},"1":{"start":{"line":3,"column":0},"end":{"line":3,"column":28}},"2":{"start":{"line":4,"column":21},"end":{"line":4,"column":47}},"3":{"start":{"line":6,"column":4},"end":{"line":6,"column":64}},"4":{"start":{"line":8,"column":0},"end":{"line":8,"column":32}}},"fnMap":{"0":{"name":"StartsWith","decl":{"start":{"line":5,"column":9},"end":{"line":5,"column":19}},"loc":{"start":{"line":5,"column":27},"end":{"line":7,"column":1}},"line":5}},"branchMap":{},"s":{"0":1,"1":1,"2":1,"3":1,"4":1},"f":{"0":1},"b":{},"inputSourceMap":{"version":3,"file":"/Users/waynedouglas/Source/repos/json-api-query/src/operators/StartsWith.ts","sources":["/Users/waynedouglas/Source/repos/json-api-query/src/operators/StartsWith.ts"],"names":[],"mappings":";;;AAAA,gDAA6C;AAE7C,SAAgB,UAAU,CAAI,KAA0B;IACpD,OAAO,IAAI,2BAAY,CAAC,YAAY,EAAE,KAAK,CAAC,CAAA;AAChD,CAAC;AAFD,gCAEC","sourcesContent":["import {FindOperator} from \"../FindOperator\";\n\nexport function StartsWith<T>(value: T | FindOperator<T>): FindOperator<T> {\n    return new FindOperator(\"startsWith\", value)\n}\n"]},"_coverageSchema":"1a1c01bbd47fc00a2c39e90264f33305004495a9","hash":"ec3df36fe8ea5f23c466c4172eb8f1cdcc1f63e2"},"/Users/waynedouglas/Source/repos/json-api-query/src/operators/Or.ts":{"path":"/Users/waynedouglas/Source/repos/json-api-query/src/operators/Or.ts","statementMap":{"0":{"start":{"line":2,"column":0},"end":{"line":2,"column":62}},"1":{"start":{"line":3,"column":0},"end":{"line":3,"column":20}},"2":{"start":{"line":4,"column":21},"end":{"line":4,"column":47}},"3":{"start":{"line":6,"column":4},"end":{"line":6,"column":56}},"4":{"start":{"line":8,"column":0},"end":{"line":8,"column":16}}},"fnMap":{"0":{"name":"Or","decl":{"start":{"line":5,"column":9},"end":{"line":5,"column":11}},"loc":{"start":{"line":5,"column":19},"end":{"line":7,"column":1}},"line":5}},"branchMap":{},"s":{"0":1,"1":1,"2":1,"3":1,"4":1},"f":{"0":1},"b":{},"inputSourceMap":{"version":3,"file":"/Users/waynedouglas/Source/repos/json-api-query/src/operators/Or.ts","sources":["/Users/waynedouglas/Source/repos/json-api-query/src/operators/Or.ts"],"names":[],"mappings":";;;AAAA,gDAA6C;AAE7C,SAAgB,EAAE,CAAI,KAA8C;IAChE,OAAO,IAAI,2BAAY,CAAC,IAAI,EAAE,KAAK,CAAC,CAAA;AACxC,CAAC;AAFD,gBAEC","sourcesContent":["import {FindOperator} from \"../FindOperator\";\n\nexport function Or<T>(value: T | FindOperator<T> | FindOperator<T>[]): FindOperator<T> {\n    return new FindOperator(\"or\", value)\n}\n"]},"_coverageSchema":"1a1c01bbd47fc00a2c39e90264f33305004495a9","hash":"c3bb353efa295a8bf99d650ac56e817d0d9d2bd5"},"/Users/waynedouglas/Source/repos/json-api-query/src/operators/Not.ts":{"path":"/Users/waynedouglas/Source/repos/json-api-query/src/operators/Not.ts","statementMap":{"0":{"start":{"line":2,"column":0},"end":{"line":2,"column":62}},"1":{"start":{"line":3,"column":0},"end":{"line":3,"column":21}},"2":{"start":{"line":4,"column":21},"end":{"line":4,"column":47}},"3":{"start":{"line":6,"column":4},"end":{"line":6,"column":57}},"4":{"start":{"line":8,"column":0},"end":{"line":8,"column":18}}},"fnMap":{"0":{"name":"Not","decl":{"start":{"line":5,"column":9},"end":{"line":5,"column":12}},"loc":{"start":{"line":5,"column":20},"end":{"line":7,"column":1}},"line":5}},"branchMap":{},"s":{"0":1,"1":1,"2":1,"3":4,"4":1},"f":{"0":4},"b":{},"inputSourceMap":{"version":3,"file":"/Users/waynedouglas/Source/repos/json-api-query/src/operators/Not.ts","sources":["/Users/waynedouglas/Source/repos/json-api-query/src/operators/Not.ts"],"names":[],"mappings":";;;AAAA,gDAA6C;AAE7C,SAAgB,GAAG,CAAI,KAA0B;IAC7C,OAAO,IAAI,2BAAY,CAAC,KAAK,EAAE,KAAK,CAAC,CAAA;AACzC,CAAC;AAFD,kBAEC","sourcesContent":["import {FindOperator} from \"../FindOperator\";\n\nexport function Not<T>(value: T | FindOperator<T>): FindOperator<T> {\n    return new FindOperator(\"not\", value)\n}\n"]},"_coverageSchema":"1a1c01bbd47fc00a2c39e90264f33305004495a9","hash":"b930f05bf7f12d515ac6fd4bac579a10fc2d6049"},"/Users/waynedouglas/Source/repos/json-api-query/src/operators/LessThanOrEqual.ts":{"path":"/Users/waynedouglas/Source/repos/json-api-query/src/operators/LessThanOrEqual.ts","statementMap":{"0":{"start":{"line":2,"column":0},"end":{"line":2,"column":62}},"1":{"start":{"line":3,"column":0},"end":{"line":3,"column":33}},"2":{"start":{"line":4,"column":21},"end":{"line":4,"column":47}},"3":{"start":{"line":6,"column":4},"end":{"line":6,"column":69}},"4":{"start":{"line":8,"column":0},"end":{"line":8,"column":42}}},"fnMap":{"0":{"name":"LessThanOrEqual","decl":{"start":{"line":5,"column":9},"end":{"line":5,"column":24}},"loc":{"start":{"line":5,"column":32},"end":{"line":7,"column":1}},"line":5}},"branchMap":{},"s":{"0":1,"1":1,"2":1,"3":1,"4":1},"f":{"0":1},"b":{},"inputSourceMap":{"version":3,"file":"/Users/waynedouglas/Source/repos/json-api-query/src/operators/LessThanOrEqual.ts","sources":["/Users/waynedouglas/Source/repos/json-api-query/src/operators/LessThanOrEqual.ts"],"names":[],"mappings":";;;AAAA,gDAA6C;AAE7C,SAAgB,eAAe,CAAI,KAA0B;IACzD,OAAO,IAAI,2BAAY,CAAC,iBAAiB,EAAE,KAAK,CAAC,CAAA;AACrD,CAAC;AAFD,0CAEC","sourcesContent":["import {FindOperator} from \"../FindOperator\";\n\nexport function LessThanOrEqual<T>(value: T | FindOperator<T>): FindOperator<T> {\n    return new FindOperator(\"lessThanOrEqual\", value)\n}\n"]},"_coverageSchema":"1a1c01bbd47fc00a2c39e90264f33305004495a9","hash":"8d535373e8dc66233987b763d1b7ed32ae0cfd26"},"/Users/waynedouglas/Source/repos/json-api-query/src/operators/LessThan.ts":{"path":"/Users/waynedouglas/Source/repos/json-api-query/src/operators/LessThan.ts","statementMap":{"0":{"start":{"line":2,"column":0},"end":{"line":2,"column":62}},"1":{"start":{"line":3,"column":0},"end":{"line":3,"column":26}},"2":{"start":{"line":4,"column":21},"end":{"line":4,"column":47}},"3":{"start":{"line":6,"column":4},"end":{"line":6,"column":62}},"4":{"start":{"line":8,"column":0},"end":{"line":8,"column":28}}},"fnMap":{"0":{"name":"LessThan","decl":{"start":{"line":5,"column":9},"end":{"line":5,"column":17}},"loc":{"start":{"line":5,"column":25},"end":{"line":7,"column":1}},"line":5}},"branchMap":{},"s":{"0":1,"1":1,"2":1,"3":1,"4":1},"f":{"0":1},"b":{},"inputSourceMap":{"version":3,"file":"/Users/waynedouglas/Source/repos/json-api-query/src/operators/LessThan.ts","sources":["/Users/waynedouglas/Source/repos/json-api-query/src/operators/LessThan.ts"],"names":[],"mappings":";;;AAAA,gDAA6C;AAE7C,SAAgB,QAAQ,CAAI,KAA0B;IAClD,OAAO,IAAI,2BAAY,CAAC,UAAU,EAAE,KAAK,CAAC,CAAA;AAC9C,CAAC;AAFD,4BAEC","sourcesContent":["import {FindOperator} from \"../FindOperator\";\n\nexport function LessThan<T>(value: T | FindOperator<T>): FindOperator<T> {\n    return new FindOperator(\"lessThan\", value)\n}\n"]},"_coverageSchema":"1a1c01bbd47fc00a2c39e90264f33305004495a9","hash":"141fa07f4c326fe9ae10b625fbcd524d9bec0793"},"/Users/waynedouglas/Source/repos/json-api-query/src/operators/GreaterThanOrEqual.ts":{"path":"/Users/waynedouglas/Source/repos/json-api-query/src/operators/GreaterThanOrEqual.ts","statementMap":{"0":{"start":{"line":2,"column":0},"end":{"line":2,"column":62}},"1":{"start":{"line":3,"column":0},"end":{"line":3,"column":36}},"2":{"start":{"line":4,"column":21},"end":{"line":4,"column":47}},"3":{"start":{"line":6,"column":4},"end":{"line":6,"column":68}},"4":{"start":{"line":8,"column":0},"end":{"line":8,"column":48}}},"fnMap":{"0":{"name":"GreaterThanOrEqual","decl":{"start":{"line":5,"column":9},"end":{"line":5,"column":27}},"loc":{"start":{"line":5,"column":35},"end":{"line":7,"column":1}},"line":5}},"branchMap":{},"s":{"0":1,"1":1,"2":1,"3":1,"4":1},"f":{"0":1},"b":{},"inputSourceMap":{"version":3,"file":"/Users/waynedouglas/Source/repos/json-api-query/src/operators/GreaterThanOrEqual.ts","sources":["/Users/waynedouglas/Source/repos/json-api-query/src/operators/GreaterThanOrEqual.ts"],"names":[],"mappings":";;;AAAA,gDAA6C;AAE7C,SAAgB,kBAAkB,CAAI,KAA0B;IAC5D,OAAO,IAAI,2BAAY,CAAC,gBAAgB,EAAE,KAAK,CAAC,CAAA;AACpD,CAAC;AAFD,gDAEC","sourcesContent":["import {FindOperator} from \"../FindOperator\";\n\nexport function GreaterThanOrEqual<T>(value: T | FindOperator<T>): FindOperator<T> {\n    return new FindOperator(\"greaterOrEqual\", value)\n}\n"]},"_coverageSchema":"1a1c01bbd47fc00a2c39e90264f33305004495a9","hash":"9fa0a2a8712373ce28e807c5db6066a59c60f6ee"},"/Users/waynedouglas/Source/repos/json-api-query/src/operators/Equals.ts":{"path":"/Users/waynedouglas/Source/repos/json-api-query/src/operators/Equals.ts","statementMap":{"0":{"start":{"line":2,"column":0},"end":{"line":2,"column":62}},"1":{"start":{"line":3,"column":0},"end":{"line":3,"column":24}},"2":{"start":{"line":4,"column":21},"end":{"line":4,"column":47}},"3":{"start":{"line":6,"column":4},"end":{"line":6,"column":59}},"4":{"start":{"line":8,"column":0},"end":{"line":8,"column":24}}},"fnMap":{"0":{"name":"Equals","decl":{"start":{"line":5,"column":9},"end":{"line":5,"column":15}},"loc":{"start":{"line":5,"column":23},"end":{"line":7,"column":1}},"line":5}},"branchMap":{},"s":{"0":1,"1":1,"2":1,"3":7,"4":1},"f":{"0":7},"b":{},"inputSourceMap":{"version":3,"file":"/Users/waynedouglas/Source/repos/json-api-query/src/operators/Equals.ts","sources":["/Users/waynedouglas/Source/repos/json-api-query/src/operators/Equals.ts"],"names":[],"mappings":";;;AAAA,gDAA6C;AAE7C,SAAgB,MAAM,CAAI,KAA0B;IAChD,OAAO,IAAI,2BAAY,CAAC,OAAO,EAAE,KAAK,CAAC,CAAA;AAC3C,CAAC;AAFD,wBAEC","sourcesContent":["import {FindOperator} from \"../FindOperator\";\n\nexport function Equals<T>(value: T | FindOperator<T>): FindOperator<T> {\n    return new FindOperator(\"equal\", value)\n}\n"]},"_coverageSchema":"1a1c01bbd47fc00a2c39e90264f33305004495a9","hash":"257f79f64cc6c6bf274d6e1f92f04756d5896758"}}